#
# A fatal error has been detected by the Java Runtime Environment:
#
#  SIGSEGV (0xb) at pc=0x00007f4698f26639, pid=12515, tid=139940559795968
#
# JRE version: OpenJDK Runtime Environment (8.0_91-b14) (build 1.8.0_91-8u91-b14-3ubuntu1~16.04.1-b14)
# Java VM: OpenJDK 64-Bit Server VM (25.91-b14 mixed mode linux-amd64 compressed oops)
# Problematic frame:
# V  [libjvm.so+0x914639]
#
# Failed to write core dump. Core dumps have been disabled. To enable core dumping, try "ulimit -c unlimited" before starting Java again
#
# If you would like to submit a bug report, please visit:
#   http://bugreport.java.com/bugreport/crash.jsp
#

---------------  T H R E A D  ---------------

Current thread (0x00007f4690077800):  VMThread [stack: 0x00007f46734b3000,0x00007f46735b4000] [id=12523]

siginfo: si_signo: 11 (SIGSEGV), si_code: 128 (SI_KERNEL), si_addr: 0x0000000000000000

Registers:
RAX=0x000c000000570000, RBX=0x00000000c02426c8, RCX=0x0000000000000000, RDX=0x00000001000296d8
RSP=0x00007f46735b2490, RBP=0x00007f46735b24f0, RSI=0x00000000c02426c8, RDI=0x00000001000296d8
R8 =0x00007f46735b2740, R9 =0x0000000000000004, R10=0x0000000000000001, R11=0x0000000000100000
R12=0x0000000000000000, R13=0x00007f4690074780, R14=0x00000000c0140be8, R15=0x00000000c0140c10
RIP=0x00007f4698f26639, EFLAGS=0x0000000000010246, CSGSFS=0x0000000000000033, ERR=0x0000000000000000
  TRAPNO=0x000000000000000d

Top of Stack: (sp=0x00007f46735b2490)
0x00007f46735b2490:   0000000000d768c0 00007f4690074790
0x00007f46735b24a0:   00000000c5300000 93384be76da91a00
0x00007f46735b24b0:   00000000c0000000 93384be76da91a00
0x00007f46735b24c0:   0000000000000001 00007f469951d6aa
0x00007f46735b24d0:   00000000c0140c28 00007f469951eae0
0x00007f46735b24e0:   00000000c0140be8 00000000c0140c10
0x00007f46735b24f0:   00007f46735b2570 00007f4698f39e8d
0x00007f46735b2500:   00000000000083b0 00007f46735b2730
0x00007f46735b2510:   00007f465dab62a8 00007f465daae540
0x00007f46735b2520:   00007f4690076db0 00007f465daae2c0
0x00007f46735b2530:   00007f46735b2740 00000000c00afd70
0x00007f46735b2540:   0000000200000004 0000000000000a9e
0x00007f46735b2550:   00007f4690073af0 0000000000000001
0x00007f46735b2560:   00007f46735b2740 00007f46900739c0
0x00007f46735b2570:   00007f46735b2600 00007f4698f3a69d
0x00007f46735b2580:   0000000000000000 0000000000ebe8ce
0x00007f46735b2590:   00007f46735b2730 00007f4699526f60
0x00007f46735b25a0:   0000000000001d63 00007f46735b2660
0x00007f46735b25b0:   00007f46990eb046 0000000000000004
0x00007f46735b25c0:   00007f46735b2678 93384be76da91a00
0x00007f46735b25d0:   00007f46735b2600 00007f46735b2660
0x00007f46735b25e0:   00007f46735b2730 0000000000000000
0x00007f46735b25f0:   00007f46735b2700 00007f46900739c0
0x00007f46735b2600:   00007f46735b26c0 00007f4698f3acdc
0x00007f46735b2610:   0000000000000000 00007f4698f3ac72
0x00007f46735b2620:   0000000000000004 00007f46735b27b8
0x00007f46735b2630:   000000000000017f 0000000000000000
0x00007f46735b2640:   00007f46995270c0 00000000735b27b8
0x00007f46735b2650:   00007f46735b2740 00007f4699526f60
0x00007f46735b2660:   00007f46990eb046 0000000011530000
0x00007f46735b2670:   00007f46995270c0 0000000077f9a77a
0x00007f46735b2680:   00007f46990ea60d 93384be76da91a00 

Instructions: (pc=0x00007f4698f26639)
0x00007f4698f26619:   08 8b 48 08 48 d3 e2 48 03 10 e9 2f ff ff ff 0f
0x00007f4698f26629:   1f 84 00 00 00 00 00 48 8b 02 48 89 de 48 89 d7
0x00007f4698f26639:   ff 90 e8 00 00 00 e9 31 ff ff ff 0f 1f 40 00 41
0x00007f4698f26649:   8b 4d 08 49 8b 55 38 48 89 c8 48 8d 14 ca 83 c0 

Register to memory mapping:

RAX=0x000c000000570000 is an unknown value
RBX=
[error occurred during error reporting (printing register info), id 0xb]

Stack: [0x00007f46734b3000,0x00007f46735b4000],  sp=0x00007f46735b2490,  free space=1021k
Native frames: (J=compiled Java code, j=interpreted, Vv=VM code, C=native code)
V  [libjvm.so+0x914639]
V  [libjvm.so+0x927e8d]
V  [libjvm.so+0x92869d]
V  [libjvm.so+0x928cdc]
V  [libjvm.so+0x917997]
V  [libjvm.so+0x918ded]
V  [libjvm.so+0x91979c]
V  [libjvm.so+0x445943]
V  [libjvm.so+0xa5f3a9]
V  [libjvm.so+0xa64b57]
V  [libjvm.so+0xa62327]
V  [libjvm.so+0xa637af]
V  [libjvm.so+0xa63ca1]
V  [libjvm.so+0x8abeb2]

VM_Operation (0x00007f4670c4a8a0): CollectForMetadataAllocation, mode: safepoint, requested by thread 0x00007f4638007800


---------------  P R O C E S S  ---------------

Java Threads: ( => current thread )
  0x00007f463443a000 JavaThread "File lock request listener" [_thread_in_native, id=12542, stack(0x00007f46701d5000,0x00007f46702d6000)]
  0x00007f4634009800 JavaThread "Stdin handler" [_thread_blocked, id=12541, stack(0x00007f467094f000,0x00007f4670a50000)]
  0x00007f4634005800 JavaThread "Asynchronous log dispatcher for org.gradle.launcher.daemon.server.DefaultDaemonConnection@7afb7a01" [_thread_blocked, id=12540, stack(0x00007f4670a50000,0x00007f4670b51000)]
  0x00007f4638007800 JavaThread "Daemon worker" [_thread_blocked, id=12537, stack(0x00007f4670b51000,0x00007f4670c52000)]
  0x00007f4638011800 JavaThread "Cancel handler" [_thread_blocked, id=12536, stack(0x00007f4670c52000,0x00007f4670d53000)]
  0x00007f4638005800 JavaThread "Handler for socket connection from /127.0.0.1:43865 to /127.0.0.1:45284" [_thread_in_native, id=12535, stack(0x00007f4670d53000,0x00007f4670e54000)]
  0x00007f4640014000 JavaThread "Daemon" [_thread_blocked, id=12534, stack(0x00007f4670e54000,0x00007f4670f55000)]
  0x00007f4690c2d800 JavaThread "pool-1-thread-1" [_thread_blocked, id=12533, stack(0x00007f4670f55000,0x00007f4671056000)]
  0x00007f4690be7800 JavaThread "Incoming local TCP Connector on port 43865" [_thread_in_native, id=12532, stack(0x00007f467125d000,0x00007f467135e000)]
  0x00007f46900c1000 JavaThread "Service Thread" daemon [_thread_blocked, id=12530, stack(0x00007f46723ed000,0x00007f46724ee000)]
  0x00007f46900b1800 JavaThread "C1 CompilerThread2" daemon [_thread_blocked, id=12529, stack(0x00007f46724ee000,0x00007f46725ef000)]
  0x00007f46900b0000 JavaThread "C2 CompilerThread1" daemon [_thread_in_native, id=12528, stack(0x00007f46725ef000,0x00007f46726f0000)]
  0x00007f46900ad000 JavaThread "C2 CompilerThread0" daemon [_thread_blocked, id=12527, stack(0x00007f46726f0000,0x00007f46727f1000)]
  0x00007f46900ab000 JavaThread "Signal Dispatcher" daemon [_thread_blocked, id=12526, stack(0x00007f46727f1000,0x00007f46728f2000)]
  0x00007f4690083800 JavaThread "Finalizer" daemon [_thread_blocked, id=12525, stack(0x00007f46732b1000,0x00007f46733b2000)]
  0x00007f469007f000 JavaThread "Reference Handler" daemon [_thread_blocked, id=12524, stack(0x00007f46733b2000,0x00007f46734b3000)]
  0x00007f469000a000 JavaThread "main" [_thread_blocked, id=12517, stack(0x00007f469a251000,0x00007f469a352000)]

Other Threads:
=>0x00007f4690077800 VMThread [stack: 0x00007f46734b3000,0x00007f46735b4000] [id=12523]
  0x00007f46900c3800 WatcherThread [stack: 0x00007f46722ec000,0x00007f46723ed000] [id=12531]

VM state:at safepoint (normal execution)

VM Mutex/Monitor currently owned by a thread:  ([mutex/lock_event])
[0x00007f4690006530] Threads_lock - owner thread: 0x00007f4690077800
[0x00007f4690006a30] Heap_lock - owner thread: 0x00007f4638007800

Heap:
 PSYoungGen      total 132096K, used 5104K [0x00000000eab00000, 0x00000000f3100000, 0x0000000100000000)
  eden space 126976K, 0% used [0x00000000eab00000,0x00000000eab00000,0x00000000f2700000)
  from space 5120K, 99% used [0x00000000f2c00000,0x00000000f30fc020,0x00000000f3100000)
  to   space 5120K, 0% used [0x00000000f2700000,0x00000000f2700000,0x00000000f2c00000)
 ParOldGen       total 84992K, used 8682K [0x00000000c0000000, 0x00000000c5300000, 0x00000000eab00000)
  object space 84992K, 10% used [0x00000000c0000000,0x00000000c087a8a0,0x00000000c5300000)
 Metaspace       used 20739K, capacity 21168K, committed 21296K, reserved 1067008K
  class space    used 2725K, capacity 2884K, committed 2944K, reserved 1048576K

Card table byte_map: [0x00007f469671f000,0x00007f4696920000] byte_map_base: 0x00007f469611f000

Marking Bits: (ParMarkBitMap*) 0x00007f4699526fc0
 Begin Bits: [0x00007f46941c5000, 0x00007f46951c5000)
 End Bits:   [0x00007f46951c5000, 0x00007f46961c5000)

Polling page: 0x00007f469a378000

CodeCache: size=245760Kb used=6413Kb max_used=6419Kb free=239347Kb
 bounds [0x00007f4681000000, 0x00007f4681650000, 0x00007f4690000000]
 total_blobs=2327 nmethods=1719 adapters=522
 compilation: enabled

Compilation events (10 events):
Event: 1.943 Thread 0x00007f46900b1800 1717       3       java.util.concurrent.locks.LockSupport::setBlocker (12 bytes)
Event: 1.943 Thread 0x00007f46900b1800 nmethod 1717 0x00007f468163f650 code [0x00007f468163f7a0, 0x00007f468163f8f0]
Event: 1.946 Thread 0x00007f46900b1800 1718       3       java.lang.Long::bitCount (61 bytes)
Event: 1.946 Thread 0x00007f46900b1800 nmethod 1718 0x00007f468163f2d0 code [0x00007f468163f420, 0x00007f468163f5d0]
Event: 1.947 Thread 0x00007f46900ad000 1719       4       java.lang.Long::bitCount (61 bytes)
Event: 1.947 Thread 0x00007f46900ad000 nmethod 1719 0x00007f4681646bd0 code [0x00007f4681646d00, 0x00007f4681646db8]
Event: 1.949 Thread 0x00007f46900b1800 1720       3       java.lang.Class::forName (53 bytes)
Event: 1.950 Thread 0x00007f46900b1800 nmethod 1720 0x00007f4681644a90 code [0x00007f4681644c60, 0x00007f46816452e8]
Event: 1.953 Thread 0x00007f46900b1800 1721       3       java.util.concurrent.locks.AbstractQueuedSynchronizer::isOnSyncQueue (33 bytes)
Event: 1.953 Thread 0x00007f46900b1800 nmethod 1721 0x00007f468163ec50 code [0x00007f468163ede0, 0x00007f468163f170]

GC Heap History (9 events):
Event: 0.385 GC heap before
{Heap before GC invocations=1 (full 0):
 PSYoungGen      total 36864K, used 31744K [0x00000000eab00000, 0x00000000ed400000, 0x0000000100000000)
  eden space 31744K, 100% used [0x00000000eab00000,0x00000000eca00000,0x00000000eca00000)
  from space 5120K, 0% used [0x00000000ecf00000,0x00000000ecf00000,0x00000000ed400000)
  to   space 5120K, 0% used [0x00000000eca00000,0x00000000eca00000,0x00000000ecf00000)
 ParOldGen       total 84992K, used 0K [0x00000000c0000000, 0x00000000c5300000, 0x00000000eab00000)
  object space 84992K, 0% used [0x00000000c0000000,0x00000000c0000000,0x00000000c5300000)
 Metaspace       used 5907K, capacity 6288K, committed 6528K, reserved 1056768K
  class space    used 749K, capacity 800K, committed 896K, reserved 1048576K
Event: 0.391 GC heap after
Heap after GC invocations=1 (full 0):
 PSYoungGen      total 36864K, used 3651K [0x00000000eab00000, 0x00000000ef300000, 0x0000000100000000)
  eden space 31744K, 0% used [0x00000000eab00000,0x00000000eab00000,0x00000000eca00000)
  from space 5120K, 71% used [0x00000000eca00000,0x00000000ecd90fd8,0x00000000ecf00000)
  to   space 5120K, 0% used [0x00000000eee00000,0x00000000eee00000,0x00000000ef300000)
 ParOldGen       total 84992K, used 8K [0x00000000c0000000, 0x00000000c5300000, 0x00000000eab00000)
  object space 84992K, 0% used [0x00000000c0000000,0x00000000c0002000,0x00000000c5300000)
 Metaspace       used 5907K, capacity 6288K, committed 6528K, reserved 1056768K
  class space    used 749K, capacity 800K, committed 896K, reserved 1048576K
}
Event: 0.777 GC heap before
{Heap before GC invocations=2 (full 0):
 PSYoungGen      total 36864K, used 35395K [0x00000000eab00000, 0x00000000ef300000, 0x0000000100000000)
  eden space 31744K, 100% used [0x00000000eab00000,0x00000000eca00000,0x00000000eca00000)
  from space 5120K, 71% used [0x00000000eca00000,0x00000000ecd90fd8,0x00000000ecf00000)
  to   space 5120K, 0% used [0x00000000eee00000,0x00000000eee00000,0x00000000ef300000)
 ParOldGen       total 84992K, used 8K [0x00000000c0000000, 0x00000000c5300000, 0x00000000eab00000)
  object space 84992K, 0% used [0x00000000c0000000,0x00000000c0002000,0x00000000c5300000)
 Metaspace       used 11265K, capacity 11614K, committed 11904K, reserved 1058816K
  class space    used 1509K, capacity 1629K, committed 1664K, reserved 1048576K
Event: 0.782 GC heap after
Heap after GC invocations=2 (full 0):
 PSYoungGen      total 68608K, used 5119K [0x00000000eab00000, 0x00000000ef300000, 0x0000000100000000)
  eden space 63488K, 0% used [0x00000000eab00000,0x00000000eab00000,0x00000000ee900000)
  from space 5120K, 99% used [0x00000000eee00000,0x00000000ef2ffe28,0x00000000ef300000)
  to   space 5120K, 0% used [0x00000000ee900000,0x00000000ee900000,0x00000000eee00000)
 ParOldGen       total 84992K, used 113K [0x00000000c0000000, 0x00000000c5300000, 0x00000000eab00000)
  object space 84992K, 0% used [0x00000000c0000000,0x00000000c001c420,0x00000000c5300000)
 Metaspace       used 11265K, capacity 11614K, committed 11904K, reserved 1058816K
  class space    used 1509K, capacity 1629K, committed 1664K, reserved 1048576K
}
Event: 1.857 GC heap before
{Heap before GC invocations=3 (full 0):
 PSYoungGen      total 68608K, used 68607K [0x00000000eab00000, 0x00000000ef300000, 0x0000000100000000)
  eden space 63488K, 100% used [0x00000000eab00000,0x00000000ee900000,0x00000000ee900000)
  from space 5120K, 99% used [0x00000000eee00000,0x00000000ef2ffe28,0x00000000ef300000)
  to   space 5120K, 0% used [0x00000000ee900000,0x00000000ee900000,0x00000000eee00000)
 ParOldGen       total 84992K, used 113K [0x00000000c0000000, 0x00000000c5300000, 0x00000000eab00000)
  object space 84992K, 0% used [0x00000000c0000000,0x00000000c001c420,0x00000000c5300000)
 Metaspace       used 19895K, capacity 20400K, committed 20480K, reserved 1067008K
  class space    used 2587K, capacity 2756K, committed 2816K, reserved 1048576K
Event: 1.872 GC heap after
Heap after GC invocations=3 (full 0):
 PSYoungGen      total 68608K, used 5104K [0x00000000eab00000, 0x00000000f3100000, 0x0000000100000000)
  eden space 63488K, 0% used [0x00000000eab00000,0x00000000eab00000,0x00000000ee900000)
  from space 5120K, 99% used [0x00000000ee900000,0x00000000eedfc020,0x00000000eee00000)
  to   space 5120K, 0% used [0x00000000f2c00000,0x00000000f2c00000,0x00000000f3100000)
 ParOldGen       total 84992K, used 7550K [0x00000000c0000000, 0x00000000c5300000, 0x00000000eab00000)
  object space 84992K, 8% used [0x00000000c0000000,0x00000000c075fa88,0x00000000c5300000)
 Metaspace       used 19895K, capacity 20400K, committed 20480K, reserved 1067008K
  class space    used 2587K, capacity 2756K, committed 2816K, reserved 1048576K
}
Event: 1.991 GC heap before
{Heap before GC invocations=4 (full 0):
 PSYoungGen      total 68608K, used 15336K [0x00000000eab00000, 0x00000000f3100000, 0x0000000100000000)
  eden space 63488K, 16% used [0x00000000eab00000,0x00000000eb4fe018,0x00000000ee900000)
  from space 5120K, 99% used [0x00000000ee900000,0x00000000eedfc020,0x00000000eee00000)
  to   space 5120K, 0% used [0x00000000f2c00000,0x00000000f2c00000,0x00000000f3100000)
 ParOldGen       total 84992K, used 7550K [0x00000000c0000000, 0x00000000c5300000, 0x00000000eab00000)
  object space 84992K, 8% used [0x00000000c0000000,0x00000000c075fa88,0x00000000c5300000)
 Metaspace       used 20739K, capacity 21168K, committed 21296K, reserved 1067008K
  class space    used 2725K, capacity 2884K, committed 2944K, reserved 1048576K
Event: 2.002 GC heap after
Heap after GC invocations=4 (full 0):
 PSYoungGen      total 132096K, used 5104K [0x00000000eab00000, 0x00000000f3100000, 0x0000000100000000)
  eden space 126976K, 0% used [0x00000000eab00000,0x00000000eab00000,0x00000000f2700000)
  from space 5120K, 99% used [0x00000000f2c00000,0x00000000f30fc020,0x00000000f3100000)
  to   space 5120K, 0% used [0x00000000f2700000,0x00000000f2700000,0x00000000f2c00000)
 ParOldGen       total 84992K, used 8682K [0x00000000c0000000, 0x00000000c5300000, 0x00000000eab00000)
  object space 84992K, 10% used [0x00000000c0000000,0x00000000c087a8a0,0x00000000c5300000)
 Metaspace       used 20739K, capacity 21168K, committed 21296K, reserved 1067008K
  class space    used 2725K, capacity 2884K, committed 2944K, reserved 1048576K
}
Event: 2.002 GC heap before
{Heap before GC invocations=5 (full 1):
 PSYoungGen      total 132096K, used 5104K [0x00000000eab00000, 0x00000000f3100000, 0x0000000100000000)
  eden space 126976K, 0% used [0x00000000eab00000,0x00000000eab00000,0x00000000f2700000)
  from space 5120K, 99% used [0x00000000f2c00000,0x00000000f30fc020,0x00000000f3100000)
  to   space 5120K, 0% used [0x00000000f2700000,0x00000000f2700000,0x00000000f2c00000)
 ParOldGen       total 84992K, used 8682K [0x00000000c0000000, 0x00000000c5300000, 0x00000000eab00000)
  object space 84992K, 10% used [0x00000000c0000000,0x00000000c087a8a0,0x00000000c5300000)
 Metaspace       used 20739K, capacity 21168K, committed 21296K, reserved 1067008K
  class space    used 2725K, capacity 2884K, committed 2944K, reserved 1048576K

Deoptimization events (10 events):
Event: 1.516 Thread 0x00007f4638007800 Uncommon trap: reason=unstable_if action=reinterpret pc=0x00007f468132a5f8 method=sun.net.www.ParseUtil.encodePath(Ljava/lang/String;Z)Ljava/lang/String; @ 109
Event: 1.518 Thread 0x00007f4638007800 Uncommon trap: reason=unstable_if action=reinterpret pc=0x00007f46812262f0 method=java.io.UnixFileSystem.normalize(Ljava/lang/String;)Ljava/lang/String; @ 60
Event: 1.548 Thread 0x00007f4638007800 Uncommon trap: reason=class_check action=maybe_recompile pc=0x00007f46813929d0 method=sun.misc.URLClassPath.getLoader(I)Lsun/misc/URLClassPath$Loader; @ 193
Event: 1.561 Thread 0x00007f4638007800 Uncommon trap: reason=class_check action=maybe_recompile pc=0x00007f46813929d0 method=sun.misc.URLClassPath.getLoader(I)Lsun/misc/URLClassPath$Loader; @ 193
Event: 1.571 Thread 0x00007f4638007800 Uncommon trap: reason=class_check action=maybe_recompile pc=0x00007f46813929d0 method=sun.misc.URLClassPath.getLoader(I)Lsun/misc/URLClassPath$Loader; @ 193
Event: 1.709 Thread 0x00007f4638007800 Uncommon trap: reason=class_check action=maybe_recompile pc=0x00007f468116cef0 method=java.lang.String.equals(Ljava/lang/Object;)Z @ 8
Event: 1.709 Thread 0x00007f4638007800 Uncommon trap: reason=class_check action=maybe_recompile pc=0x00007f468116cef0 method=java.lang.String.equals(Ljava/lang/Object;)Z @ 8
Event: 1.709 Thread 0x00007f4638007800 Uncommon trap: reason=class_check action=maybe_recompile pc=0x00007f468116cef0 method=java.lang.String.equals(Ljava/lang/Object;)Z @ 8
Event: 1.709 Thread 0x00007f4638007800 Uncommon trap: reason=class_check action=maybe_recompile pc=0x00007f468116cef0 method=java.lang.String.equals(Ljava/lang/Object;)Z @ 8
Event: 1.911 Thread 0x00007f4638007800 Uncommon trap: reason=unstable_if action=reinterpret pc=0x00007f468143e18c method=java.util.HashMap.hash(Ljava/lang/Object;)I @ 1

Internal exceptions (10 events):
Event: 1.823 Thread 0x00007f4638007800 Exception <a 'java/lang/ClassNotFoundException': org/gradle/initialization/SettingsScriptBeanInfo> (0x00000000ee6421f8) thrown at [/build/openjdk-8-W1Ghxo/openjdk-8-8u91-b14/src/hotspot/src/share/vm/classfile/systemDictionary.cpp, line 210]
Event: 1.823 Thread 0x00007f4638007800 Exception <a 'java/lang/ClassNotFoundException': org/gradle/initialization/SettingsScriptCustomizer> (0x00000000ee6522a0) thrown at [/build/openjdk-8-W1Ghxo/openjdk-8-8u91-b14/src/hotspot/src/share/vm/classfile/systemDictionary.cpp, line 210]
Event: 1.824 Thread 0x00007f4638007800 Exception <a 'java/lang/ClassNotFoundException': settings_t5ri4w1jpey1zz22w41pzg1oCustomizer> (0x00000000ee664bc8) thrown at [/build/openjdk-8-W1Ghxo/openjdk-8-8u91-b14/src/hotspot/src/share/vm/classfile/systemDictionary.cpp, line 210]
Event: 1.829 Thread 0x00007f4638007800 Exception <a 'java/lang/ClassNotFoundException': org/gradle/initialization/DefaultSettings_DecoratedBeanInfo> (0x00000000ee6d2d70) thrown at [/build/openjdk-8-W1Ghxo/openjdk-8-8u91-b14/src/hotspot/src/share/vm/classfile/systemDictionary.cpp, line 210]
Event: 1.829 Thread 0x00007f4638007800 Exception <a 'java/lang/ClassNotFoundException': org/gradle/initialization/DefaultSettingsBeanInfo> (0x00000000ee6f1df8) thrown at [/build/openjdk-8-W1Ghxo/openjdk-8-8u91-b14/src/hotspot/src/share/vm/classfile/systemDictionary.cpp, line 210]
Event: 1.830 Thread 0x00007f4638007800 Exception <a 'java/lang/ClassNotFoundException': org/gradle/initialization/BaseSettingsBeanInfo> (0x00000000ee70fd10) thrown at [/build/openjdk-8-W1Ghxo/openjdk-8-8u91-b14/src/hotspot/src/share/vm/classfile/systemDictionary.cpp, line 210]
Event: 1.830 Thread 0x00007f4638007800 Exception <a 'java/lang/ClassNotFoundException': org/gradle/initialization/BaseSettingsCustomizer> (0x00000000ee72ed38) thrown at [/build/openjdk-8-W1Ghxo/openjdk-8-8u91-b14/src/hotspot/src/share/vm/classfile/systemDictionary.cpp, line 210]
Event: 1.832 Thread 0x00007f4638007800 Exception <a 'java/lang/ClassNotFoundException': org/gradle/initialization/DefaultSettingsCustomizer> (0x00000000ee7747b8) thrown at [/build/openjdk-8-W1Ghxo/openjdk-8-8u91-b14/src/hotspot/src/share/vm/classfile/systemDictionary.cpp, line 210]
Event: 1.833 Thread 0x00007f4638007800 Exception <a 'java/lang/ClassNotFoundException': org/gradle/initialization/DefaultSettings_DecoratedCustomizer> (0x00000000ee79e460) thrown at [/build/openjdk-8-W1Ghxo/openjdk-8-8u91-b14/src/hotspot/src/share/vm/classfile/systemDictionary.cpp, line 210]
Event: 1.911 Thread 0x00007f4638007800 Implicit null exception at 0x00007f468143df75 to 0x00007f468143e17d

Events (10 events):
Event: 1.989 loading class org/gradle/model/internal/registry/DefaultModelRegistry$ModelGoal$State done
Event: 1.989 loading class org/gradle/model/internal/registry/DefaultModelRegistry$TransitionDependents
Event: 1.989 loading class org/gradle/model/internal/registry/DefaultModelRegistry$TransitionDependents done
Event: 1.990 loading class org/gradle/model/internal/registry/DefaultModelRegistry$NotifyDiscovered
Event: 1.990 loading class org/gradle/model/internal/registry/DefaultModelRegistry$NotifyDiscovered done
Event: 1.990 loading class org/gradle/model/internal/registry/RuleBindings$PredicateMatches
Event: 1.990 loading class org/gradle/model/internal/registry/RuleBindings$PredicateMatches done
Event: 1.991 loading class org/gradle/model/internal/registry/RuleBindings$ScopeIndex
Event: 1.991 loading class org/gradle/model/internal/registry/RuleBindings$ScopeIndex done
Event: 1.991 Executing VM operation: CollectForMetadataAllocation


Dynamic libraries:
00400000-00401000 r-xp 00000000 08:05 4326040                            /usr/lib/jvm/java-8-openjdk-amd64/jre/bin/java
00600000-00601000 r--p 00000000 08:05 4326040                            /usr/lib/jvm/java-8-openjdk-amd64/jre/bin/java
00601000-00602000 rw-p 00001000 08:05 4326040                            /usr/lib/jvm/java-8-openjdk-amd64/jre/bin/java
00c88000-00ca9000 rw-p 00000000 00:00 0                                  [heap]
c0000000-c5300000 rw-p 00000000 00:00 0 
c5300000-eab00000 ---p 00000000 00:00 0 
eab00000-f3100000 rw-p 00000000 00:00 0 
f3100000-100000000 ---p 00000000 00:00 0 
100000000-1002e0000 rw-p 00000000 00:00 0 
1002e0000-140000000 ---p 00000000 00:00 0 
7f4620000000-7f4620021000 rw-p 00000000 00:00 0 
7f4620021000-7f4624000000 ---p 00000000 00:00 0 
7f4627d90000-7f4627d92000 r--s 00025000 08:05 2755571                    /home/tushar/Documents/Installed/android-studio/plugins/gradle/lib/gradle-tooling-extension-impl.jar
7f4627d92000-7f4627d94000 r--s 0000c000 08:05 2755555                    /home/tushar/Documents/Installed/android-studio/plugins/gradle/lib/gradle-tooling-extension-api.jar
7f4627d94000-7f4627e00000 r--s 00696000 08:05 2755197                    /home/tushar/Documents/Installed/android-studio/lib/groovy-all-2.3.9.jar
7f4627e00000-7f4627fec000 rw-p 00000000 00:00 0 
7f4627fec000-7f4628000000 ---p 00000000 00:00 0 
7f4628000000-7f4628021000 rw-p 00000000 00:00 0 
7f4628021000-7f462c000000 ---p 00000000 00:00 0 
7f462c000000-7f462c021000 rw-p 00000000 00:00 0 
7f462c021000-7f4630000000 ---p 00000000 00:00 0 
7f4630000000-7f4630021000 rw-p 00000000 00:00 0 
7f4630021000-7f4634000000 ---p 00000000 00:00 0 
7f4634000000-7f4634b15000 rw-p 00000000 00:00 0 
7f4634b15000-7f4638000000 ---p 00000000 00:00 0 
7f4638000000-7f4638021000 rw-p 00000000 00:00 0 
7f4638021000-7f463c000000 ---p 00000000 00:00 0 
7f463c000000-7f463c021000 rw-p 00000000 00:00 0 
7f463c021000-7f4640000000 ---p 00000000 00:00 0 
7f4640000000-7f4640072000 rw-p 00000000 00:00 0 
7f4640072000-7f4644000000 ---p 00000000 00:00 0 
7f4644000000-7f4644021000 rw-p 00000000 00:00 0 
7f4644021000-7f4648000000 ---p 00000000 00:00 0 
7f4648000000-7f4648021000 rw-p 00000000 00:00 0 
7f4648021000-7f464c000000 ---p 00000000 00:00 0 
7f464c000000-7f464c021000 rw-p 00000000 00:00 0 
7f464c021000-7f4650000000 ---p 00000000 00:00 0 
7f4650000000-7f46513a6000 rw-p 00000000 00:00 0 
7f46513a6000-7f4654000000 ---p 00000000 00:00 0 
7f4654000000-7f4654a9d000 rw-p 00000000 00:00 0 
7f4654a9d000-7f4658000000 ---p 00000000 00:00 0 
7f4658000000-7f4658021000 rw-p 00000000 00:00 0 
7f4658021000-7f465c000000 ---p 00000000 00:00 0 
7f465c000000-7f465e008000 rw-p 00000000 00:00 0 
7f465e008000-7f4660000000 ---p 00000000 00:00 0 
7f4660000000-7f4660021000 rw-p 00000000 00:00 0 
7f4660021000-7f4664000000 ---p 00000000 00:00 0 
7f4664000000-7f4664021000 rw-p 00000000 00:00 0 
7f4664021000-7f4668000000 ---p 00000000 00:00 0 
7f4668000000-7f4668021000 rw-p 00000000 00:00 0 
7f4668021000-7f466c000000 ---p 00000000 00:00 0 
7f466c000000-7f466c021000 rw-p 00000000 00:00 0 
7f466c021000-7f4670000000 ---p 00000000 00:00 0 
7f4670001000-7f4670006000 r--s 0002f000 08:05 2755203                    /home/tushar/Documents/Installed/android-studio/lib/gson-2.3.1.jar
7f4670006000-7f46700ce000 r--s 01013000 08:05 2755214                    /home/tushar/Documents/Installed/android-studio/lib/openapi.jar
7f46700ce000-7f46700cf000 r--s 00000000 08:05 1966324                    /root/.gradle/caches/jars-1/dg22azhabc6tsc1i8xni15giz1bnssh/gradle-appengine-builder-model-0.1.0.jar
7f46700cf000-7f46700d1000 r--s 00005000 08:05 1966322                    /root/.gradle/caches/jars-1/58e0pg21hq3pnflhjzsj1fu9zg4vjmm/builder-model-2.1.0-alpha6.jar
7f46700d1000-7f4670199000 r--s 01013000 08:05 1966320                    /root/.gradle/caches/jars-1/r0pal4pgfc3k4n3v7tiayk1rhofe1bh/openapi.jar
7f4670199000-7f467019b000 r--s 0000c000 08:05 1966318                    /root/.gradle/caches/jars-1/3glq3jqa8scbn248tg3ca4cghppwkj0/gradle-tooling-extension-api.jar
7f467019b000-7f46701a2000 r--s 00031000 08:05 1966316                    /root/.gradle/caches/jars-1/mjzb6pkr202klpc4mvbvp2j9mhcyoj2/gradle-base-services-2.5.jar
7f46701a2000-7f46701ca000 r--s 001cf000 08:05 1966314                    /root/.gradle/caches/jars-1/87eo0lrvp84r6dbxjq018wy66es2era/guava-jdk5-17.0.jar
7f46701ca000-7f46701d5000 r--s 00036000 08:05 1966312                    /root/.gradle/caches/jars-1/ppuug715rid7lfxxo8hcoh44crsa3x4/gradle-tooling-api-2.5.jar
7f46701d5000-7f46701d8000 ---p 00000000 00:00 0 
7f46701d8000-7f46704d6000 rw-p 00000000 00:00 0 
7f46704d6000-7f46706d6000 rw-p 00000000 00:00 0 
7f46706d6000-7f467074f000 r--s 010e9000 08:05 4340262                    /usr/lib/jvm/java-8-openjdk-amd64/lib/tools.jar
7f467074f000-7f467094f000 rw-p 00000000 00:00 0 
7f467094f000-7f4670952000 ---p 00000000 00:00 0 
7f4670952000-7f4670a50000 rw-p 00000000 00:00 0 
7f4670a50000-7f4670a53000 ---p 00000000 00:00 0 
7f4670a53000-7f4670b51000 rw-p 00000000 00:00 0 
7f4670b51000-7f4670b54000 ---p 00000000 00:00 0 
7f4670b54000-7f4670c52000 rw-p 00000000 00:00 0 
7f4670c52000-7f4670c55000 ---p 00000000 00:00 0 
7f4670c55000-7f4670d53000 rw-p 00000000 00:00 0 
7f4670d53000-7f4670d56000 ---p 00000000 00:00 0 
7f4670d56000-7f4670e54000 rw-p 00000000 00:00 0 
7f4670e54000-7f4670e57000 ---p 00000000 00:00 0 
7f4670e57000-7f4670f55000 rw-p 00000000 00:00 0 
7f4670f55000-7f4670f58000 ---p 00000000 00:00 0 
7f4670f58000-7f4671056000 rw-p 00000000 00:00 0 
7f4671056000-7f467105d000 r--s 00000000 08:05 4719956                    /usr/lib/x86_64-linux-gnu/gconv/gconv-modules.cache
7f467105d000-7f467125d000 rw-p 00000000 00:00 0 
7f467125d000-7f4671260000 ---p 00000000 00:00 0 
7f4671260000-7f467135e000 rw-p 00000000 00:00 0 
7f467135e000-7f4671367000 r-xp 00000000 08:05 4334957                    /usr/lib/jvm/java-8-openjdk-amd64/jre/lib/amd64/libmanagement.so
7f4671367000-7f4671566000 ---p 00009000 08:05 4334957                    /usr/lib/jvm/java-8-openjdk-amd64/jre/lib/amd64/libmanagement.so
7f4671566000-7f4671567000 r--p 00008000 08:05 4334957                    /usr/lib/jvm/java-8-openjdk-amd64/jre/lib/amd64/libmanagement.so
7f4671567000-7f4671568000 rw-p 00009000 08:05 4334957                    /usr/lib/jvm/java-8-openjdk-amd64/jre/lib/amd64/libmanagement.so
7f4671568000-7f467156c000 r--s 00097000 08:05 4347778                    /usr/lib/jvm/java-8-openjdk-amd64/jre/lib/jsse.jar
7f467156c000-7f467156e000 r--s 00007000 08:05 1977223                    /root/.gradle/wrapper/dists/gradle-2.14.1-all/8bnwg5hd3w55iofp58khbp6yv/gradle-2.14.1/lib/plugins/gradle-tooling-api-builders-2.14.1.jar
7f467156e000-7f4671571000 r--s 00008000 08:05 1977216                    /root/.gradle/wrapper/dists/gradle-2.14.1-all/8bnwg5hd3w55iofp58khbp6yv/gradle-2.14.1/lib/plugins/gradle-testing-native-2.14.1.jar
7f4671571000-7f4671573000 r--s 00009000 08:05 1977295                    /root/.gradle/wrapper/dists/gradle-2.14.1-all/8bnwg5hd3w55iofp58khbp6yv/gradle-2.14.1/lib/plugins/hamcrest-core-1.3.jar
7f4671573000-7f4671579000 r--s 00033000 08:05 1977289                    /root/.gradle/wrapper/dists/gradle-2.14.1-all/8bnwg5hd3w55iofp58khbp6yv/gradle-2.14.1/lib/plugins/snakeyaml-1.6.jar
7f4671579000-7f467157b000 r--s 00006000 08:05 1977288                    /root/.gradle/wrapper/dists/gradle-2.14.1-all/8bnwg5hd3w55iofp58khbp6yv/gradle-2.14.1/lib/plugins/jcommander-1.12.jar
7f467157b000-7f4671580000 r--s 00040000 08:05 1977287                    /root/.gradle/wrapper/dists/gradle-2.14.1-all/8bnwg5hd3w55iofp58khbp6yv/gradle-2.14.1/lib/plugins/bsh-2.0b4.jar
7f4671580000-7f4671589000 r--s 00089000 08:05 1977246                    /root/.gradle/wrapper/dists/gradle-2.14.1-all/8bnwg5hd3w55iofp58khbp6yv/gradle-2.14.1/lib/plugins/testng-6.3.1.jar
7f4671589000-7f4671591000 r--s 00045000 08:05 1977245                    /root/.gradle/wrapper/dists/gradle-2.14.1-all/8bnwg5hd3w55iofp58khbp6yv/gradle-2.14.1/lib/plugins/junit-4.12.jar
7f4671591000-7f4671597000 r--s 0002e000 08:05 1977217                    /root/.gradle/wrapper/dists/gradle-2.14.1-all/8bnwg5hd3w55iofp58khbp6yv/gradle-2.14.1/lib/plugins/gradle-testing-jvm-2.14.1.jar
7f4671597000-7f467159c000 r--s 00015000 08:05 1977215                    /root/.gradle/wrapper/dists/gradle-2.14.1-all/8bnwg5hd3w55iofp58khbp6yv/gradle-2.14.1/lib/plugins/gradle-testing-base-2.14.1.jar
7f467159c000-7f467159d000 r--s 00002000 08:05 1977239                    /root/.gradle/wrapper/dists/gradle-2.14.1-all/8bnwg5hd3w55iofp58khbp6yv/gradle-2.14.1/lib/plugins/sonar-batch-bootstrapper-2.9.jar
7f467159d000-7f46715a0000 r--s 00015000 08:05 1977193                    /root/.gradle/wrapper/dists/gradle-2.14.1-all/8bnwg5hd3w55iofp58khbp6yv/gradle-2.14.1/lib/plugins/gradle-sonar-2.14.1.jar
7f46715a0000-7f46715a7000 r--s 00038000 08:05 1977240                    /root/.gradle/wrapper/dists/gradle-2.14.1-all/8bnwg5hd3w55iofp58khbp6yv/gradle-2.14.1/lib/plugins/bcpg-jdk15on-1.51.jar
7f46715a7000-7f46715a9000 r--s 0000d000 08:05 1977194                    /root/.gradle/wrapper/dists/gradle-2.14.1-all/8bnwg5hd3w55iofp58khbp6yv/gradle-2.14.1/lib/plugins/gradle-signing-2.14.1.jar
7f46715a9000-7f46715ac000 r--s 00009000 08:05 1977192                    /root/.gradle/wrapper/dists/gradle-2.14.1-all/8bnwg5hd3w55iofp58khbp6yv/gradle-2.14.1/lib/plugins/gradle-scala-2.14.1.jar
7f46715ac000-7f46715ad000 r--s 00004000 08:05 1977221                    /root/.gradle/wrapper/dists/gradle-2.14.1-all/8bnwg5hd3w55iofp58khbp6yv/gradle-2.14.1/lib/plugins/gradle-resources-sftp-2.14.1.jar
7f46715ad000-7f46715bd000 r--s 00088000 08:05 1977256                    /root/.gradle/wrapper/dists/gradle-2.14.1-all/8bnwg5hd3w55iofp58khbp6yv/gradle-2.14.1/lib/plugins/joda-time-2.8.2.jar
7f46715bd000-7f46715ce000 r--s 000cf000 08:05 1977255                    /root/.gradle/wrapper/dists/gradle-2.14.1-all/8bnwg5hd3w55iofp58khbp6yv/gradle-2.14.1/lib/plugins/jackson-databind-2.3.2.jar
7f46715ce000-7f46715d0000 r--s 00007000 08:05 1977254                    /root/.gradle/wrapper/dists/gradle-2.14.1-all/8bnwg5hd3w55iofp58khbp6yv/gradle-2.14.1/lib/plugins/jackson-annotations-2.3.2.jar
7f46715d0000-7f46715d3000 r--s 0002e000 08:05 1977253                    /root/.gradle/wrapper/dists/gradle-2.14.1-all/8bnwg5hd3w55iofp58khbp6yv/gradle-2.14.1/lib/plugins/jackson-core-2.3.2.jar
7f46715d3000-7f46715de000 r--s 0006b000 08:05 1977252                    /root/.gradle/wrapper/dists/gradle-2.14.1-all/8bnwg5hd3w55iofp58khbp6yv/gradle-2.14.1/lib/plugins/aws-java-sdk-core-1.9.19.jar
7f46715de000-7f46715e4000 r--s 00036000 08:05 1977251                    /root/.gradle/wrapper/dists/gradle-2.14.1-all/8bnwg5hd3w55iofp58khbp6yv/gradle-2.14.1/lib/plugins/aws-java-sdk-kms-1.9.19.jar
7f46715e4000-7f46715ef000 r--s 00079000 08:05 1977250                    /root/.gradle/wrapper/dists/gradle-2.14.1-all/8bnwg5hd3w55iofp58khbp6yv/gradle-2.14.1/lib/plugins/aws-java-sdk-s3-1.9.19.jar
7f46715ef000-7f46715f0000 r--s 00003000 08:05 1977222                    /root/.gradle/wrapper/dists/gradle-2.14.1-all/8bnwg5hd3w55iofp58khbp6yv/gradle-2.14.1/lib/plugins/gradle-resources-s3-2.14.1.jar
7f46715f0000-7f46715f2000 r--s 00005000 08:05 1977244                    /root/.gradle/wrapper/dists/gradle-2.14.1-all/8bnwg5hd3w55iofp58khbp6yv/gradle-2.14.1/lib/plugins/jatl-0.2.2.jar
7f46715f2000-7f46715f4000 r--s 0000f000 08:05 1977199                    /root/.gradle/wrapper/dists/gradle-2.14.1-all/8bnwg5hd3w55iofp58khbp6yv/gradle-2.14.1/lib/plugins/gradle-reporting-2.14.1.jar
7f46715f4000-7f46715f6000 r--s 00002000 08:05 1977200                    /root/.gradle/wrapper/dists/gradle-2.14.1-all/8bnwg5hd3w55iofp58khbp6yv/gradle-2.14.1/lib/plugins/gradle-publish-2.14.1.jar
7f46715f6000-7f46715f8000 r--s 00009000 08:05 1977226                    /root/.gradle/wrapper/dists/gradle-2.14.1-all/8bnwg5hd3w55iofp58khbp6yv/gradle-2.14.1/lib/plugins/commons-cli-1.2.jar
7f46715f8000-7f46715fe000 r--s 00033000 08:05 1977184                    /root/.gradle/wrapper/dists/gradle-2.14.1-all/8bnwg5hd3w55iofp58khbp6yv/gradle-2.14.1/lib/plugins/gradle-plugins-2.14.1.jar
7f46715fe000-7f4671600000 r--s 00007000 08:05 1977218                    /root/.gradle/wrapper/dists/gradle-2.14.1-all/8bnwg5hd3w55iofp58khbp6yv/gradle-2.14.1/lib/plugins/gradle-plugin-development-2.14.1.jar
7f4671600000-7f4671606000 r--s 0002a000 08:05 1977211                    /root/.gradle/wrapper/dists/gradle-2.14.1-all/8bnwg5hd3w55iofp58khbp6yv/gradle-2.14.1/lib/plugins/gradle-platform-play-2.14.1.jar
7f4671606000-7f4671613000 r--s 0004d000 08:05 1977210                    /root/.gradle/wrapper/dists/gradle-2.14.1-all/8bnwg5hd3w55iofp58khbp6yv/gradle-2.14.1/lib/plugins/gradle-platform-native-2.14.1.jar
7f4671613000-7f4671617000 r--s 0001a000 08:05 1977205                    /root/.gradle/wrapper/dists/gradle-2.14.1-all/8bnwg5hd3w55iofp58khbp6yv/gradle-2.14.1/lib/plugins/gradle-platform-jvm-2.14.1.jar
7f4671617000-7f467161e000 r--s 00029000 08:05 1977204                    /root/.gradle/wrapper/dists/gradle-2.14.1-all/8bnwg5hd3w55iofp58khbp6yv/gradle-2.14.1/lib/plugins/gradle-platform-base-2.14.1.jar
7f467161e000-7f467163f000 r--s 001c3000 08:05 1977234                    /root/.gradle/wrapper/dists/gradle-2.14.1-all/8bnwg5hd3w55iofp58khbp6yv/gradle-2.14.1/lib/plugins/bndlib-2.4.0.jar
7f467163f000-7f4671641000 r--s 00003000 08:05 1977188                    /root/.gradle/wrapper/dists/gradle-2.14.1-all/8bnwg5hd3w55iofp58khbp6yv/gradle-2.14.1/lib/plugins/gradle-osgi-2.14.1.jar
7f4671641000-7f4671644000 r--s 0000c000 08:05 1977237                    /root/.gradle/wrapper/dists/gradle-2.14.1-all/8bnwg5hd3w55iofp58khbp6yv/gradle-2.14.1/lib/plugins/pmaven-groovy-0.8-20100325.jar
7f4671644000-7f4671645000 r--s 00004000 08:05 1977236                    /root/.gradle/wrapper/dists/gradle-2.14.1-all/8bnwg5hd3w55iofp58khbp6yv/gradle-2.14.1/lib/plugins/pmaven-common-0.8-20100325.jar
7f4671645000-7f467164b000 r--s 00022000 08:05 1977189                    /root/.gradle/wrapper/dists/gradle-2.14.1-all/8bnwg5hd3w55iofp58khbp6yv/gradle-2.14.1/lib/plugins/gradle-maven-2.14.1.jar
7f467164b000-7f467164d000 r--s 0000a000 08:05 1977209                    /root/.gradle/wrapper/dists/gradle-2.14.1-all/8bnwg5hd3w55iofp58khbp6yv/gradle-2.14.1/lib/plugins/gradle-language-scala-2.14.1.jar
7f467164d000-7f4671653000 r--s 0001a000 08:05 1977213                    /root/.gradle/wrapper/dists/gradle-2.14.1-all/8bnwg5hd3w55iofp58khbp6yv/gradle-2.14.1/lib/plugins/gradle-language-native-2.14.1.jar
7f4671653000-7f4671655000 r--s 00008000 08:05 1977206                    /root/.gradle/wrapper/dists/gradle-2.14.1-all/8bnwg5hd3w55iofp58khbp6yv/gradle-2.14.1/lib/plugins/gradle-language-jvm-2.14.1.jar
7f4671655000-7f467165b000 r--s 00024000 08:05 1977207                    /root/.gradle/wrapper/dists/gradle-2.14.1-all/8bnwg5hd3w55iofp58khbp6yv/gradle-2.14.1/lib/plugins/gradle-language-java-2.14.1.jar
7f467165b000-7f467165d000 r--s 0000a000 08:05 1977208                    /root/.gradle/wrapper/dists/gradle-2.14.1-all/8bnwg5hd3w55iofp58khbp6yv/gradle-2.14.1/lib/plugins/gradle-language-groovy-2.14.1.jar
7f467165d000-7f4671660000 r--s 0001e000 08:05 1977262                    /root/.gradle/wrapper/dists/gradle-2.14.1-all/8bnwg5hd3w55iofp58khbp6yv/gradle-2.14.1/lib/plugins/jsp-api-2.1-6.1.14.jar
7f4671660000-7f4671683000 r--s 00344000 08:05 1977261                    /root/.gradle/wrapper/dists/gradle-2.14.1-all/8bnwg5hd3w55iofp58khbp6yv/gradle-2.14.1/lib/plugins/core-3.1.1.jar
7f4671683000-7f4671684000 r--s 00006000 08:05 1977260                    /root/.gradle/wrapper/dists/gradle-2.14.1-all/8bnwg5hd3w55iofp58khbp6yv/gradle-2.14.1/lib/plugins/jetty-naming-6.1.25.jar
7f4671684000-7f4671685000 r--s 00002000 08:05 1977233                    /root/.gradle/wrapper/dists/gradle-2.14.1-all/8bnwg5hd3w55iofp58khbp6yv/gradle-2.14.1/lib/plugins/geronimo-annotation_1.0_spec-1.0.jar
7f4671685000-7f4671687000 r--s 00002000 08:05 1977232                    /root/.gradle/wrapper/dists/gradle-2.14.1-all/8bnwg5hd3w55iofp58khbp6yv/gradle-2.14.1/lib/plugins/jetty-annotations-6.1.25.jar
7f4671687000-7f4671698000 r--s 000ea000 08:05 1977231                    /root/.gradle/wrapper/dists/gradle-2.14.1-all/8bnwg5hd3w55iofp58khbp6yv/gradle-2.14.1/lib/plugins/jsp-2.1-6.1.14.jar
7f4671698000-7f467169a000 r--s 0000d000 08:05 1977230                    /root/.gradle/wrapper/dists/gradle-2.14.1-all/8bnwg5hd3w55iofp58khbp6yv/gradle-2.14.1/lib/plugins/jetty-plus-6.1.25.jar
7f467169a000-7f467169c000 r--s 0001f000 08:05 1977229                    /root/.gradle/wrapper/dists/gradle-2.14.1-all/8bnwg5hd3w55iofp58khbp6yv/gradle-2.14.1/lib/plugins/servlet-api-2.5-20081211.jar
7f467169c000-7f46716a0000 r--s 00028000 08:05 1977228                    /root/.gradle/wrapper/dists/gradle-2.14.1-all/8bnwg5hd3w55iofp58khbp6yv/gradle-2.14.1/lib/plugins/jetty-util-6.1.25.jar
7f46716a0000-7f46716a7000 r--s 0007d000 08:05 1977227                    /root/.gradle/wrapper/dists/gradle-2.14.1-all/8bnwg5hd3w55iofp58khbp6yv/gradle-2.14.1/lib/plugins/jetty-6.1.25.jar
7f46716a7000-7f46716a9000 r--s 00009000 08:05 1977186                    /root/.gradle/wrapper/dists/gradle-2.14.1-all/8bnwg5hd3w55iofp58khbp6yv/gradle-2.14.1/lib/plugins/gradle-jetty-2.14.1.jar
7f46716a9000-7f46716b0000 r--s 00035000 08:05 1977243                    /root/.gradle/wrapper/dists/gradle-2.14.1-all/8bnwg5hd3w55iofp58khbp6yv/gradle-2.14.1/lib/plugins/simple-4.1.21.jar
7f46716b0000-7f46716bc000 r--s 00100000 08:05 1977241                    /root/.gradle/wrapper/dists/gradle-2.14.1-all/8bnwg5hd3w55iofp58khbp6yv/gradle-2.14.1/lib/plugins/rhino-1.7R3.jar
7f46716bc000-7f46716c0000 r--s 00011000 08:05 1977196                    /root/.gradle/wrapper/dists/gradle-2.14.1-all/8bnwg5hd3w55iofp58khbp6yv/gradle-2.14.1/lib/plugins/gradle-javascript-2.14.1.jar
7f46716c0000-7f46716c2000 r--s 0000c000 08:05 1977202                    /root/.gradle/wrapper/dists/gradle-2.14.1-all/8bnwg5hd3w55iofp58khbp6yv/gradle-2.14.1/lib/plugins/gradle-jacoco-2.14.1.jar
7f46716c2000-7f46716c5000 r--s 0000e000 08:05 1977201                    /root/.gradle/wrapper/dists/gradle-2.14.1-all/8bnwg5hd3w55iofp58khbp6yv/gradle-2.14.1/lib/plugins/gradle-ivy-2.14.1.jar
7f46716c5000-7f46716c6000 r--s 00002000 08:05 1977212                    /root/.gradle/wrapper/dists/gradle-2.14.1-all/8bnwg5hd3w55iofp58khbp6yv/gradle-2.14.1/lib/plugins/gradle-ide-play-2.14.1.jar
7f46716c6000-7f46716cb000 r--s 0002b000 08:05 1977214                    /root/.gradle/wrapper/dists/gradle-2.14.1-all/8bnwg5hd3w55iofp58khbp6yv/gradle-2.14.1/lib/plugins/gradle-ide-native-2.14.1.jar
7f46716cb000-7f46716d6000 r--s 00066000 08:05 1977190                    /root/.gradle/wrapper/dists/gradle-2.14.1-all/8bnwg5hd3w55iofp58khbp6yv/gradle-2.14.1/lib/plugins/gradle-ide-2.14.1.jar
7f46716d6000-7f46716d7000 r--s 00008000 08:05 1977195                    /root/.gradle/wrapper/dists/gradle-2.14.1-all/8bnwg5hd3w55iofp58khbp6yv/gradle-2.14.1/lib/plugins/gradle-ear-2.14.1.jar
7f46716d7000-7f46716dd000 r--s 00032000 08:05 1977198                    /root/.gradle/wrapper/dists/gradle-2.14.1-all/8bnwg5hd3w55iofp58khbp6yv/gradle-2.14.1/lib/plugins/gradle-diagnostics-2.14.1.jar
7f46716dd000-7f46716e1000 r--s 00021000 08:05 1977185                    /root/.gradle/wrapper/dists/gradle-2.14.1-all/8bnwg5hd3w55iofp58khbp6yv/gradle-2.14.1/lib/plugins/gradle-code-quality-2.14.1.jar
7f46716e1000-7f46716e5000 r--s 0001f000 08:05 1977203                    /root/.gradle/wrapper/dists/gradle-2.14.1-all/8bnwg5hd3w55iofp58khbp6yv/gradle-2.14.1/lib/plugins/gradle-build-init-2.14.1.jar
7f46716e5000-7f46716ec000 r--s 0008e000 08:05 1977197                    /root/.gradle/wrapper/dists/gradle-2.14.1-all/8bnwg5hd3w55iofp58khbp6yv/gradle-2.14.1/lib/plugins/gradle-build-comparison-2.14.1.jar
7f46716ec000-7f46716ee000 r--s 00008000 08:05 1977187                    /root/.gradle/wrapper/dists/gradle-2.14.1-all/8bnwg5hd3w55iofp58khbp6yv/gradle-2.14.1/lib/plugins/gradle-antlr-2.14.1.jar
7f46716ee000-7f46716f0000 r--s 00004000 08:05 1977191                    /root/.gradle/wrapper/dists/gradle-2.14.1-all/8bnwg5hd3w55iofp58khbp6yv/gradle-2.14.1/lib/plugins/gradle-announce-2.14.1.jar
7f46716f0000-7f4671708000 r--s 00115000 08:05 1977292                    /root/.gradle/wrapper/dists/gradle-2.14.1-all/8bnwg5hd3w55iofp58khbp6yv/gradle-2.14.1/lib/plugins/xercesImpl-2.9.1.jar
7f4671708000-7f4671710000 r--s 00028000 08:05 1977293                    /root/.gradle/wrapper/dists/gradle-2.14.1-all/8bnwg5hd3w55iofp58khbp6yv/gradle-2.14.1/lib/plugins/xml-apis-1.3.04.jar
7f4671710000-7f4671716000 r--s 0005b000 08:05 1977291                    /root/.gradle/wrapper/dists/gradle-2.14.1-all/8bnwg5hd3w55iofp58khbp6yv/gradle-2.14.1/lib/plugins/jcifs-1.3.17.jar
7f4671716000-7f467171d000 r--s 00049000 08:05 1977290                    /root/.gradle/wrapper/dists/gradle-2.14.1-all/8bnwg5hd3w55iofp58khbp6yv/gradle-2.14.1/lib/plugins/httpcore-4.4.4.jar
7f467171d000-7f4671723000 r--s 00033000 08:05 1977238                    /root/.gradle/wrapper/dists/gradle-2.14.1-all/8bnwg5hd3w55iofp58khbp6yv/gradle-2.14.1/lib/plugins/commons-codec-1.6.jar
7f4671723000-7f4671726000 r--s 0001c000 08:05 1977248                    /root/.gradle/wrapper/dists/gradle-2.14.1-all/8bnwg5hd3w55iofp58khbp6yv/gradle-2.14.1/lib/plugins/nekohtml-1.9.14.jar
7f4671726000-7f4671733000 r--s 000a4000 08:05 1977247                    /root/.gradle/wrapper/dists/gradle-2.14.1-all/8bnwg5hd3w55iofp58khbp6yv/gradle-2.14.1/lib/plugins/httpclient-4.4.1.jar
7f4671733000-7f4671735000 r--s 0000a000 08:05 1977220                    /root/.gradle/wrapper/dists/gradle-2.14.1-all/8bnwg5hd3w55iofp58khbp6yv/gradle-2.14.1/lib/plugins/gradle-resources-http-2.14.1.jar
7f4671735000-7f4671739000 r--s 00014000 08:05 1977219                    /root/.gradle/wrapper/dists/gradle-2.14.1-all/8bnwg5hd3w55iofp58khbp6yv/gradle-2.14.1/lib/plugins/gradle-plugin-use-2.14.1.jar
7f4671739000-7f467173a000 r--s 00000000 08:05 1977135                    /root/.gradle/wrapper/dists/gradle-2.14.1-all/8bnwg5hd3w55iofp58khbp6yv/gradle-2.14.1/lib/gradle-installation-beacon-2.14.1.jar
7f467173a000-7f467173b000 r--s 00007000 08:05 1977286                    /root/.gradle/wrapper/dists/gradle-2.14.1-all/8bnwg5hd3w55iofp58khbp6yv/gradle-2.14.1/lib/plugins/wagon-http-shared4-2.4.jar
7f467173b000-7f467173f000 r--s 00033000 08:05 1977285                    /root/.gradle/wrapper/dists/gradle-2.14.1-all/8bnwg5hd3w55iofp58khbp6yv/gradle-2.14.1/lib/plugins/plexus-utils-2.0.6.jar
7f467173f000-7f4671743000 r--s 00021000 08:05 1977284                    /root/.gradle/wrapper/dists/gradle-2.14.1-all/8bnwg5hd3w55iofp58khbp6yv/gradle-2.14.1/lib/plugins/maven-model-builder-3.0.4.jar
7f4671743000-7f4671744000 r--s 00002000 08:05 1977283                    /root/.gradle/wrapper/dists/gradle-2.14.1-all/8bnwg5hd3w55iofp58khbp6yv/gradle-2.14.1/lib/plugins/wagon-file-2.4.jar
7f4671744000-7f4671746000 r--s 00002000 08:05 1977282                    /root/.gradle/wrapper/dists/gradle-2.14.1-all/8bnwg5hd3w55iofp58khbp6yv/gradle-2.14.1/lib/plugins/plexus-cipher-1.7.jar
7f4671746000-7f4671749000 r--s 00013000 08:05 1977281                    /root/.gradle/wrapper/dists/gradle-2.14.1-all/8bnwg5hd3w55iofp58khbp6yv/gradle-2.14.1/lib/plugins/aether-api-1.13.1.jar
7f4671749000-7f467174b000 r--s 0000a000 08:05 1977280                    /root/.gradle/wrapper/dists/gradle-2.14.1-all/8bnwg5hd3w55iofp58khbp6yv/gradle-2.14.1/lib/plugins/maven-settings-3.0.4.jar
7f467174b000-7f467174d000 r--s 0000d000 08:05 1977279                    /root/.gradle/wrapper/dists/gradle-2.14.1-all/8bnwg5hd3w55iofp58khbp6yv/gradle-2.14.1/lib/plugins/plexus-interpolation-1.14.jar
7f467174d000-7f467174f000 r--s 0000b000 08:05 1977278                    /root/.gradle/wrapper/dists/gradle-2.14.1-all/8bnwg5hd3w55iofp58khbp6yv/gradle-2.14.1/lib/plugins/maven-artifact-3.0.4.jar
7f467174f000-7f4671756000 r--s 0002e000 08:05 1977277                    /root/.gradle/wrapper/dists/gradle-2.14.1-all/8bnwg5hd3w55iofp58khbp6yv/gradle-2.14.1/lib/plugins/plexus-container-default-1.5.5.jar
7f4671756000-7f4671758000 r--s 0000b000 08:05 1977276                    /root/.gradle/wrapper/dists/gradle-2.14.1-all/8bnwg5hd3w55iofp58khbp6yv/gradle-2.14.1/lib/plugins/maven-plugin-api-3.0.4.jar
7f4671758000-7f467175a000 r--s 00000000 08:05 1977294                    /root/.gradle/wrapper/dists/gradle-2.14.1-all/8bnwg5hd3w55iofp58khbp6yv/gradle-2.14.1/lib/plugins/plexus-component-annotations-1.5.5.jar
7f467175a000-7f4671760000 r--s 0003f000 08:05 1977275                    /root/.gradle/wrapper/dists/gradle-2.14.1-all/8bnwg5hd3w55iofp58khbp6yv/gradle-2.14.1/lib/plugins/maven-compat-3.0.4.jar
7f4671760000-7f4671763000 r--s 00008000 08:05 1977274                    /root/.gradle/wrapper/dists/gradle-2.14.1-all/8bnwg5hd3w55iofp58khbp6yv/gradle-2.14.1/lib/plugins/maven-settings-builder-3.0.4.jar
7f4671763000-7f4671764000 r--s 00002000 08:05 1977273                    /root/.gradle/wrapper/dists/gradle-2.14.1-all/8bnwg5hd3w55iofp58khbp6yv/gradle-2.14.1/lib/plugins/wagon-http-2.4.jar
7f4671764000-7f4671766000 r--s 00026000 08:05 1977272                    /root/.gradle/wrapper/dists/gradle-2.14.1-all/8bnwg5hd3w55iofp58khbp6yv/gradle-2.14.1/lib/plugins/maven-model-3.0.4.jar
7f4671766000-7f4671768000 r--s 00006000 08:05 1977271                    /root/.gradle/wrapper/dists/gradle-2.14.1-all/8bnwg5hd3w55iofp58khbp6yv/gradle-2.14.1/lib/plugins/aether-connector-wagon-1.13.1.jar
7f4671768000-7f467176a000 r--s 0000a000 08:05 1977270                    /root/.gradle/wrapper/dists/gradle-2.14.1-all/8bnwg5hd3w55iofp58khbp6yv/gradle-2.14.1/lib/plugins/plexus-classworlds-2.4.jar
7f467176a000-7f467176c000 r--s 00006000 08:05 1977269                    /root/.gradle/wrapper/dists/gradle-2.14.1-all/8bnwg5hd3w55iofp58khbp6yv/gradle-2.14.1/lib/plugins/maven-repository-metadata-3.0.4.jar
7f467176c000-7f467176e000 r--s 0000c000 08:05 1977268                    /root/.gradle/wrapper/dists/gradle-2.14.1-all/8bnwg5hd3w55iofp58khbp6yv/gradle-2.14.1/lib/plugins/maven-aether-provider-3.0.4.jar
7f467176e000-7f4671770000 r--s 0000b000 08:05 1977267                    /root/.gradle/wrapper/dists/gradle-2.14.1-all/8bnwg5hd3w55iofp58khbp6yv/gradle-2.14.1/lib/plugins/wagon-provider-api-2.4.jar
7f4671770000-7f4671771000 r--s 00003000 08:05 1977266                    /root/.gradle/wrapper/dists/gradle-2.14.1-all/8bnwg5hd3w55iofp58khbp6yv/gradle-2.14.1/lib/plugins/aether-spi-1.13.1.jar
7f4671771000-7f4671775000 r--s 0001c000 08:05 1977265                    /root/.gradle/wrapper/dists/gradle-2.14.1-all/8bnwg5hd3w55iofp58khbp6yv/gradle-2.14.1/lib/plugins/aether-util-1.13.1.jar
7f4671775000-7f4671778000 r--s 0001d000 08:05 1977264                    /root/.gradle/wrapper/dists/gradle-2.14.1-all/8bnwg5hd3w55iofp58khbp6yv/gradle-2.14.1/lib/plugins/aether-impl-1.13.1.jar
7f4671778000-7f4671779000 r--s 00006000 08:05 1977263                    /root/.gradle/wrapper/dists/gradle-2.14.1-all/8bnwg5hd3w55iofp58khbp6yv/gradle-2.14.1/lib/plugins/plexus-sec-dispatcher-1.3.jar
7f4671779000-7f467177e000 r--s 00040000 08:05 1977249                    /root/.gradle/wrapper/dists/gradle-2.14.1-all/8bnwg5hd3w55iofp58khbp6yv/gradle-2.14.1/lib/plugins/jsch-0.1.53.jar
7f467177e000-7f46717be000 r--s 00277000 08:05 1977259                    /root/.gradle/wrapper/dists/gradle-2.14.1-all/8bnwg5hd3w55iofp58khbp6yv/gradle-2.14.1/lib/plugins/bcprov-jdk15on-1.51.jar
7f46717be000-7f46717c2000 r-xp 00000000 08:05 1966297                    /root/.gradle/native/19/linux-amd64/libnative-platform.so
7f46717c2000-7f46719c1000 ---p 00004000 08:05 1966297                    /root/.gradle/native/19/linux-amd64/libnative-platform.so
7f46719c1000-7f46719c2000 rw-p 00003000 08:05 1966297                    /root/.gradle/native/19/linux-amd64/libnative-platform.so
7f46719c2000-7f46719d3000 r-xp 00000000 08:05 4337076                    /usr/lib/jvm/java-8-openjdk-amd64/jre/lib/amd64/libnio.so
7f46719d3000-7f4671bd3000 ---p 00011000 08:05 4337076                    /usr/lib/jvm/java-8-openjdk-amd64/jre/lib/amd64/libnio.so
7f4671bd3000-7f4671bd4000 r--p 00011000 08:05 4337076                    /usr/lib/jvm/java-8-openjdk-amd64/jre/lib/amd64/libnio.so
7f4671bd4000-7f4671bd5000 rw-p 00012000 08:05 4337076                    /usr/lib/jvm/java-8-openjdk-amd64/jre/lib/amd64/libnio.so
7f4671bd5000-7f4671ed6000 rw-p 00000000 00:00 0 
7f4671ed6000-7f4671eed000 r-xp 00000000 08:05 4326732                    /usr/lib/jvm/java-8-openjdk-amd64/jre/lib/amd64/libnet.so
7f4671eed000-7f46720ec000 ---p 00017000 08:05 4326732                    /usr/lib/jvm/java-8-openjdk-amd64/jre/lib/amd64/libnet.so
7f46720ec000-7f46720ed000 r--p 00016000 08:05 4326732                    /usr/lib/jvm/java-8-openjdk-amd64/jre/lib/amd64/libnet.so
7f46720ed000-7f46720ee000 rw-p 00017000 08:05 4326732                    /usr/lib/jvm/java-8-openjdk-amd64/jre/lib/amd64/libnet.so
7f46720ee000-7f46720f2000 r--s 0001d000 08:05 1977258                    /root/.gradle/wrapper/dists/gradle-2.14.1-all/8bnwg5hd3w55iofp58khbp6yv/gradle-2.14.1/lib/plugins/xbean-reflect-3.4.jar
7f46720f2000-7f46720fe000 r--s 0007d000 08:05 1977235                    /root/.gradle/wrapper/dists/gradle-2.14.1-all/8bnwg5hd3w55iofp58khbp6yv/gradle-2.14.1/lib/plugins/maven-core-3.0.4.jar
7f46720fe000-7f4672103000 r--s 0002a000 08:05 1977242                    /root/.gradle/wrapper/dists/gradle-2.14.1-all/8bnwg5hd3w55iofp58khbp6yv/gradle-2.14.1/lib/plugins/gson-2.2.4.jar
7f4672103000-7f4672112000 r--s 000d9000 08:05 1977257                    /root/.gradle/wrapper/dists/gradle-2.14.1-all/8bnwg5hd3w55iofp58khbp6yv/gradle-2.14.1/lib/plugins/ivy-2.2.0.jar
7f4672112000-7f467212e000 r--s 000d3000 08:05 1977224                    /root/.gradle/wrapper/dists/gradle-2.14.1-all/8bnwg5hd3w55iofp58khbp6yv/gradle-2.14.1/lib/plugins/gradle-dependency-management-2.14.1.jar
7f467212e000-7f4672130000 r--s 00005000 08:05 1977134                    /root/.gradle/wrapper/dists/gradle-2.14.1-all/8bnwg5hd3w55iofp58khbp6yv/gradle-2.14.1/lib/gradle-wrapper-2.14.1.jar
7f4672130000-7f467213e000 r--s 0004f000 08:05 1977141                    /root/.gradle/wrapper/dists/gradle-2.14.1-all/8bnwg5hd3w55iofp58khbp6yv/gradle-2.14.1/lib/gradle-tooling-api-2.14.1.jar
7f467213e000-7f4672140000 r--s 00002000 08:05 1977161                    /root/.gradle/wrapper/dists/gradle-2.14.1-all/8bnwg5hd3w55iofp58khbp6yv/gradle-2.14.1/lib/gradle-open-api-2.14.1.jar
7f4672140000-7f4672146000 r--s 00032000 08:05 1977163                    /root/.gradle/wrapper/dists/gradle-2.14.1-all/8bnwg5hd3w55iofp58khbp6yv/gradle-2.14.1/lib/jaxen-1.1.jar
7f4672146000-7f467214b000 r--s 00048000 08:05 1977162                    /root/.gradle/wrapper/dists/gradle-2.14.1-all/8bnwg5hd3w55iofp58khbp6yv/gradle-2.14.1/lib/dom4j-1.6.1.jar
7f467214b000-7f4672156000 r--s 00059000 08:05 1977140                    /root/.gradle/wrapper/dists/gradle-2.14.1-all/8bnwg5hd3w55iofp58khbp6yv/gradle-2.14.1/lib/gradle-ui-2.14.1.jar
7f4672156000-7f4672159000 r--s 0000b000 08:05 1977159                    /root/.gradle/wrapper/dists/gradle-2.14.1-all/8bnwg5hd3w55iofp58khbp6yv/gradle-2.14.1/lib/gradle-resources-2.14.1.jar
7f4672159000-7f467215b000 r--s 00003000 08:05 1977171                    /root/.gradle/wrapper/dists/gradle-2.14.1-all/8bnwg5hd3w55iofp58khbp6yv/gradle-2.14.1/lib/jcl-over-slf4j-1.7.10.jar
7f467215b000-7f467215c000 r--s 00005000 08:05 1977170                    /root/.gradle/wrapper/dists/gradle-2.14.1-all/8bnwg5hd3w55iofp58khbp6yv/gradle-2.14.1/lib/log4j-over-slf4j-1.7.10.jar
7f467215c000-7f467215e000 r--s 00000000 08:05 1977169                    /root/.gradle/wrapper/dists/gradle-2.14.1-all/8bnwg5hd3w55iofp58khbp6yv/gradle-2.14.1/lib/jul-to-slf4j-1.7.10.jar
7f467215e000-7f4672163000 r--s 0001c000 08:05 1977158                    /root/.gradle/wrapper/dists/gradle-2.14.1-all/8bnwg5hd3w55iofp58khbp6yv/gradle-2.14.1/lib/gradle-logging-2.14.1.jar
7f4672163000-7f4672165000 r--s 00007000 08:05 1977182                    /root/.gradle/wrapper/dists/gradle-2.14.1-all/8bnwg5hd3w55iofp58khbp6yv/gradle-2.14.1/lib/objenesis-1.2.jar
7f4672165000-7f4672167000 r--s 00000000 08:05 1977181                    /root/.gradle/wrapper/dists/gradle-2.14.1-all/8bnwg5hd3w55iofp58khbp6yv/gradle-2.14.1/lib/minlog-1.2.jar
7f4672167000-7f4672169000 r--s 0000f000 08:05 1977180                    /root/.gradle/wrapper/dists/gradle-2.14.1-all/8bnwg5hd3w55iofp58khbp6yv/gradle-2.14.1/lib/reflectasm-1.07-shaded.jar
7f4672169000-7f467216d000 r--s 00026000 08:05 1977168                    /root/.gradle/wrapper/dists/gradle-2.14.1-all/8bnwg5hd3w55iofp58khbp6yv/gradle-2.14.1/lib/kryo-2.20.jar
7f467216d000-7f4672173000 r--s 00025000 08:05 1977157                    /root/.gradle/wrapper/dists/gradle-2.14.1-all/8bnwg5hd3w55iofp58khbp6yv/gradle-2.14.1/lib/gradle-messaging-2.14.1.jar
7f4672173000-7f4672174000 r--s 00003000 08:05 1977179                    /root/.gradle/wrapper/dists/gradle-2.14.1-all/8bnwg5hd3w55iofp58khbp6yv/gradle-2.14.1/lib/native-platform-freebsd-amd64-0.10.jar
7f4672174000-7f4672175000 r--s 00003000 08:05 1977178                    /root/.gradle/wrapper/dists/gradle-2.14.1-all/8bnwg5hd3w55iofp58khbp6yv/gradle-2.14.1/lib/native-platform-freebsd-i386-0.10.jar
7f4672175000-7f4672176000 r--s 00005000 08:05 1977177                    /root/.gradle/wrapper/dists/gradle-2.14.1-all/8bnwg5hd3w55iofp58khbp6yv/gradle-2.14.1/lib/native-platform-windows-i386-0.10.jar
7f4672176000-7f4672177000 r--s 00005000 08:05 1977176                    /root/.gradle/wrapper/dists/gradle-2.14.1-all/8bnwg5hd3w55iofp58khbp6yv/gradle-2.14.1/lib/native-platform-windows-amd64-0.10.jar
7f4672177000-7f4672178000 r--s 00003000 08:05 1977175                    /root/.gradle/wrapper/dists/gradle-2.14.1-all/8bnwg5hd3w55iofp58khbp6yv/gradle-2.14.1/lib/native-platform-linux-i386-0.10.jar
7f4672178000-7f4672179000 r--s 00003000 08:05 1977174                    /root/.gradle/wrapper/dists/gradle-2.14.1-all/8bnwg5hd3w55iofp58khbp6yv/gradle-2.14.1/lib/native-platform-linux-amd64-0.10.jar
7f4672179000-7f467217a000 r--s 00002000 08:05 1977173                    /root/.gradle/wrapper/dists/gradle-2.14.1-all/8bnwg5hd3w55iofp58khbp6yv/gradle-2.14.1/lib/native-platform-osx-amd64-0.10.jar
7f467217a000-7f467217b000 r--s 00002000 08:05 1977172                    /root/.gradle/wrapper/dists/gradle-2.14.1-all/8bnwg5hd3w55iofp58khbp6yv/gradle-2.14.1/lib/native-platform-osx-i386-0.10.jar
7f467217b000-7f467217d000 r--s 00008000 08:05 1977166                    /root/.gradle/wrapper/dists/gradle-2.14.1-all/8bnwg5hd3w55iofp58khbp6yv/gradle-2.14.1/lib/jansi-1.2.1.jar
7f467217d000-7f4672180000 r--s 0000d000 08:05 1977165                    /root/.gradle/wrapper/dists/gradle-2.14.1-all/8bnwg5hd3w55iofp58khbp6yv/gradle-2.14.1/lib/native-platform-0.10.jar
7f4672180000-7f4672184000 r--s 000e4000 08:05 1977164                    /root/.gradle/wrapper/dists/gradle-2.14.1-all/8bnwg5hd3w55iofp58khbp6yv/gradle-2.14.1/lib/jna-3.2.7.jar
7f4672184000-7f4672186000 r--s 00009000 08:05 1977142                    /root/.gradle/wrapper/dists/gradle-2.14.1-all/8bnwg5hd3w55iofp58khbp6yv/gradle-2.14.1/lib/gradle-native-2.14.1.jar
7f4672186000-7f4672188000 r--s 00005000 08:05 1977139                    /root/.gradle/wrapper/dists/gradle-2.14.1-all/8bnwg5hd3w55iofp58khbp6yv/gradle-2.14.1/lib/gradle-cli-2.14.1.jar
7f4672188000-7f467218a000 r--s 00007000 08:05 1977149                    /root/.gradle/wrapper/dists/gradle-2.14.1-all/8bnwg5hd3w55iofp58khbp6yv/gradle-2.14.1/lib/gradle-model-groovy-2.14.1.jar
7f467218a000-7f467218b000 r--s 00006000 08:05 1977156                    /root/.gradle/wrapper/dists/gradle-2.14.1-all/8bnwg5hd3w55iofp58khbp6yv/gradle-2.14.1/lib/gradle-base-services-groovy-2.14.1.jar
7f467218b000-7f467219a000 r--s 00080000 08:05 1977148                    /root/.gradle/wrapper/dists/gradle-2.14.1-all/8bnwg5hd3w55iofp58khbp6yv/gradle-2.14.1/lib/gradle-model-core-2.14.1.jar
7f467219a000-7f467219b000 r--s 00002000 08:05 1977160                    /root/.gradle/wrapper/dists/gradle-2.14.1-all/8bnwg5hd3w55iofp58khbp6yv/gradle-2.14.1/lib/gradle-docs-2.14.1.jar
7f467219b000-7f467219c000 r--s 00000000 08:05 1977155                    /root/.gradle/wrapper/dists/gradle-2.14.1-all/8bnwg5hd3w55iofp58khbp6yv/gradle-2.14.1/lib/javax.inject-1.jar
7f467219c000-7f467219d000 r--s 00000000 08:05 1977154                    /root/.gradle/wrapper/dists/gradle-2.14.1-all/8bnwg5hd3w55iofp58khbp6yv/gradle-2.14.1/lib/jcip-annotations-1.0.jar
7f467219d000-7f46721a1000 r--s 00027000 08:05 1977153                    /root/.gradle/wrapper/dists/gradle-2.14.1-all/8bnwg5hd3w55iofp58khbp6yv/gradle-2.14.1/lib/commons-io-2.2.jar
7f46721a1000-7f46721ae000 r--s 00083000 08:05 1977152                    /root/.gradle/wrapper/dists/gradle-2.14.1-all/8bnwg5hd3w55iofp58khbp6yv/gradle-2.14.1/lib/commons-collections-3.2.2.jar
7f46721ae000-7f46721b3000 r--s 00038000 08:05 1977150                    /root/.gradle/wrapper/dists/gradle-2.14.1-all/8bnwg5hd3w55iofp58khbp6yv/gradle-2.14.1/lib/asm-all-5.1.jar
7f46721b3000-7f4672222000 r--s 0063e000 08:05 1977147                    /root/.gradle/wrapper/dists/gradle-2.14.1-all/8bnwg5hd3w55iofp58khbp6yv/gradle-2.14.1/lib/groovy-all-2.4.4.jar
7f4672222000-7f4672223000 r--s 00001000 08:05 1977146                    /root/.gradle/wrapper/dists/gradle-2.14.1-all/8bnwg5hd3w55iofp58khbp6yv/gradle-2.14.1/lib/gradle-process-services-2.14.1.jar
7f4672223000-7f4672224000 r--s 00000000 08:05 1977137                    /root/.gradle/wrapper/dists/gradle-2.14.1-all/8bnwg5hd3w55iofp58khbp6yv/gradle-2.14.1/lib/gradle-jvm-services-2.14.1.jar
7f4672224000-7f467224c000 r--s 001cf000 08:05 1977144                    /root/.gradle/wrapper/dists/gradle-2.14.1-all/8bnwg5hd3w55iofp58khbp6yv/gradle-2.14.1/lib/guava-jdk5-17.0.jar
7f467224c000-7f467226b000 r--s 001d1000 08:05 1977151                    /root/.gradle/wrapper/dists/gradle-2.14.1-all/8bnwg5hd3w55iofp58khbp6yv/gradle-2.14.1/lib/ant-1.9.6.jar
7f467226b000-7f4672273000 r--s 0003a000 08:05 1977136                    /root/.gradle/wrapper/dists/gradle-2.14.1-all/8bnwg5hd3w55iofp58khbp6yv/gradle-2.14.1/lib/gradle-base-services-2.14.1.jar
7f4672273000-7f46722aa000 r--s 001bd000 08:05 1977138                    /root/.gradle/wrapper/dists/gradle-2.14.1-all/8bnwg5hd3w55iofp58khbp6yv/gradle-2.14.1/lib/gradle-core-2.14.1.jar
7f46722aa000-7f46722b5000 r--s 00051000 08:05 1977133                    /root/.gradle/wrapper/dists/gradle-2.14.1-all/8bnwg5hd3w55iofp58khbp6yv/gradle-2.14.1/lib/gradle-launcher-2.14.1.jar
7f46722b5000-7f46722d1000 r--s 00393000 08:05 4347769                    /usr/lib/jvm/java-8-openjdk-amd64/jre/lib/ext/cldrdata.jar
7f46722d1000-7f46722ec000 r--s 001d7000 08:05 4347767                    /usr/lib/jvm/java-8-openjdk-amd64/jre/lib/ext/nashorn.jar
7f46722ec000-7f46722ed000 ---p 00000000 00:00 0 
7f46722ed000-7f46723ed000 rw-p 00000000 00:00 0 
7f46723ed000-7f46723f0000 ---p 00000000 00:00 0 
7f46723f0000-7f46724ee000 rw-p 00000000 00:00 0 
7f46724ee000-7f46724f1000 ---p 00000000 00:00 0 
7f46724f1000-7f46725ef000 rw-p 00000000 00:00 0 
7f46725ef000-7f46725f2000 ---p 00000000 00:00 0 
7f46725f2000-7f46726f0000 rw-p 00000000 00:00 0 
7f46726f0000-7f46726f3000 ---p 00000000 00:00 0 
7f46726f3000-7f46727f1000 rw-p 00000000 00:00 0 
7f46727f1000-7f46727f4000 ---p 00000000 00:00 0 
7f46727f4000-7f46728f2000 rw-p 00000000 00:00 0 
7f46728f2000-7f46732b1000 r--p 00000000 08:05 4332926                    /usr/lib/locale/locale-archive
7f46732b1000-7f46732b4000 ---p 00000000 00:00 0 
7f46732b4000-7f46733b2000 rw-p 00000000 00:00 0 
7f46733b2000-7f46733b5000 ---p 00000000 00:00 0 
7f46733b5000-7f46734b3000 rw-p 00000000 00:00 0 
7f46734b3000-7f46734b4000 ---p 00000000 00:00 0 
7f46734b4000-7f4674000000 rw-p 00000000 00:00 0 
7f4674000000-7f4674021000 rw-p 00000000 00:00 0 
7f4674021000-7f4678000000 ---p 00000000 00:00 0 
7f4678000000-7f4678021000 rw-p 00000000 00:00 0 
7f4678021000-7f467c000000 ---p 00000000 00:00 0 
7f467c000000-7f467c021000 rw-p 00000000 00:00 0 
7f467c021000-7f4680000000 ---p 00000000 00:00 0 
7f4680000000-7f4680005000 r--s 00041000 08:05 1977145                    /root/.gradle/wrapper/dists/gradle-2.14.1-all/8bnwg5hd3w55iofp58khbp6yv/gradle-2.14.1/lib/commons-lang-2.6.jar
7f4680005000-7f4680006000 r--s 00007000 08:05 1977143                    /root/.gradle/wrapper/dists/gradle-2.14.1-all/8bnwg5hd3w55iofp58khbp6yv/gradle-2.14.1/lib/slf4j-api-1.7.10.jar
7f4680006000-7f4680009000 r--s 0000f000 08:05 4347774                    /usr/lib/jvm/java-8-openjdk-amd64/jre/lib/ext/icedtea-sound.jar
7f4680009000-7f468000d000 r--s 00037000 08:05 4347776                    /usr/lib/jvm/java-8-openjdk-amd64/jre/lib/ext/sunpkcs11.jar
7f468000d000-7f4680432000 rw-p 00000000 00:00 0 
7f4680432000-7f4680600000 r--s 03beb000 08:05 4347758                    /usr/lib/jvm/java-8-openjdk-amd64/jre/lib/rt.jar
7f4680600000-7f4681000000 rw-p 00000000 00:00 0 
7f4681000000-7f4681650000 rwxp 00000000 00:00 0 
7f4681650000-7f4690000000 ---p 00000000 00:00 0 
7f4690000000-7f4690c33000 rw-p 00000000 00:00 0 
7f4690c33000-7f4694000000 ---p 00000000 00:00 0 
7f4694000000-7f4694001000 r--s 00004000 08:05 1977167                    /root/.gradle/wrapper/dists/gradle-2.14.1-all/8bnwg5hd3w55iofp58khbp6yv/gradle-2.14.1/lib/ant-launcher-1.9.6.jar
7f4694001000-7f4694002000 r--s 00008000 08:05 4347770                    /usr/lib/jvm/java-8-openjdk-amd64/jre/lib/ext/sunec.jar
7f4694002000-7f469400c000 r--s 00116000 08:05 4347775                    /usr/lib/jvm/java-8-openjdk-amd64/jre/lib/ext/localedata.jar
7f469400c000-7f46961c5000 rw-p 00000000 00:00 0 
7f46961c5000-7f46961c6000 ---p 00000000 00:00 0 
7f46961c6000-7f46962c6000 rw-p 00000000 00:00 0 
7f46962c6000-7f46962c7000 ---p 00000000 00:00 0 
7f46962c7000-7f46963c7000 rw-p 00000000 00:00 0 
7f46963c7000-7f46963c8000 ---p 00000000 00:00 0 
7f46963c8000-7f46964c8000 rw-p 00000000 00:00 0 
7f46964c8000-7f46964c9000 ---p 00000000 00:00 0 
7f46964c9000-7f46965f3000 rw-p 00000000 00:00 0 
7f46965f3000-7f469671f000 ---p 00000000 00:00 0 
7f469671f000-7f4696749000 rw-p 00000000 00:00 0 
7f4696749000-7f4696874000 ---p 00000000 00:00 0 
7f4696874000-7f46968b8000 rw-p 00000000 00:00 0 
7f46968b8000-7f469691f000 ---p 00000000 00:00 0 
7f469691f000-7f469693a000 rw-p 00000000 00:00 0 
7f469693a000-7f4696ce0000 ---p 00000000 00:00 0 
7f4696ce0000-7f4696ce8000 r-xp 00000000 08:05 4326975                    /usr/lib/jvm/java-8-openjdk-amd64/jre/lib/amd64/libzip.so
7f4696ce8000-7f4696ee7000 ---p 00008000 08:05 4326975                    /usr/lib/jvm/java-8-openjdk-amd64/jre/lib/amd64/libzip.so
7f4696ee7000-7f4696ee8000 r--p 00007000 08:05 4326975                    /usr/lib/jvm/java-8-openjdk-amd64/jre/lib/amd64/libzip.so
7f4696ee8000-7f4696ee9000 rw-p 00008000 08:05 4326975                    /usr/lib/jvm/java-8-openjdk-amd64/jre/lib/amd64/libzip.so
7f4696ee9000-7f4696ef4000 r-xp 00000000 08:05 3936907                    /lib/x86_64-linux-gnu/libnss_files-2.23.so
7f4696ef4000-7f46970f3000 ---p 0000b000 08:05 3936907                    /lib/x86_64-linux-gnu/libnss_files-2.23.so
7f46970f3000-7f46970f4000 r--p 0000a000 08:05 3936907                    /lib/x86_64-linux-gnu/libnss_files-2.23.so
7f46970f4000-7f46970f5000 rw-p 0000b000 08:05 3936907                    /lib/x86_64-linux-gnu/libnss_files-2.23.so
7f46970f5000-7f46970fb000 rw-p 00000000 00:00 0 
7f46970fb000-7f4697106000 r-xp 00000000 08:05 3936917                    /lib/x86_64-linux-gnu/libnss_nis-2.23.so
7f4697106000-7f4697305000 ---p 0000b000 08:05 3936917                    /lib/x86_64-linux-gnu/libnss_nis-2.23.so
7f4697305000-7f4697306000 r--p 0000a000 08:05 3936917                    /lib/x86_64-linux-gnu/libnss_nis-2.23.so
7f4697306000-7f4697307000 rw-p 0000b000 08:05 3936917                    /lib/x86_64-linux-gnu/libnss_nis-2.23.so
7f4697307000-7f469731d000 r-xp 00000000 08:05 3936901                    /lib/x86_64-linux-gnu/libnsl-2.23.so
7f469731d000-7f469751c000 ---p 00016000 08:05 3936901                    /lib/x86_64-linux-gnu/libnsl-2.23.so
7f469751c000-7f469751d000 r--p 00015000 08:05 3936901                    /lib/x86_64-linux-gnu/libnsl-2.23.so
7f469751d000-7f469751e000 rw-p 00016000 08:05 3936901                    /lib/x86_64-linux-gnu/libnsl-2.23.so
7f469751e000-7f4697520000 rw-p 00000000 00:00 0 
7f4697520000-7f4697528000 r-xp 00000000 08:05 3936903                    /lib/x86_64-linux-gnu/libnss_compat-2.23.so
7f4697528000-7f4697727000 ---p 00008000 08:05 3936903                    /lib/x86_64-linux-gnu/libnss_compat-2.23.so
7f4697727000-7f4697728000 r--p 00007000 08:05 3936903                    /lib/x86_64-linux-gnu/libnss_compat-2.23.so
7f4697728000-7f4697729000 rw-p 00008000 08:05 3936903                    /lib/x86_64-linux-gnu/libnss_compat-2.23.so
7f4697729000-7f4697756000 r-xp 00000000 08:05 4326269                    /usr/lib/jvm/java-8-openjdk-amd64/jre/lib/amd64/libjava.so
7f4697756000-7f4697955000 ---p 0002d000 08:05 4326269                    /usr/lib/jvm/java-8-openjdk-amd64/jre/lib/amd64/libjava.so
7f4697955000-7f4697956000 r--p 0002c000 08:05 4326269                    /usr/lib/jvm/java-8-openjdk-amd64/jre/lib/amd64/libjava.so
7f4697956000-7f4697958000 rw-p 0002d000 08:05 4326269                    /usr/lib/jvm/java-8-openjdk-amd64/jre/lib/amd64/libjava.so
7f4697958000-7f4697967000 r-xp 00000000 08:05 4326313                    /usr/lib/jvm/java-8-openjdk-amd64/jre/lib/amd64/libverify.so
7f4697967000-7f4697b66000 ---p 0000f000 08:05 4326313                    /usr/lib/jvm/java-8-openjdk-amd64/jre/lib/amd64/libverify.so
7f4697b66000-7f4697b68000 r--p 0000e000 08:05 4326313                    /usr/lib/jvm/java-8-openjdk-amd64/jre/lib/amd64/libverify.so
7f4697b68000-7f4697b69000 rw-p 00010000 08:05 4326313                    /usr/lib/jvm/java-8-openjdk-amd64/jre/lib/amd64/libverify.so
7f4697b69000-7f4697b70000 r-xp 00000000 08:05 3936962                    /lib/x86_64-linux-gnu/librt-2.23.so
7f4697b70000-7f4697d6f000 ---p 00007000 08:05 3936962                    /lib/x86_64-linux-gnu/librt-2.23.so
7f4697d6f000-7f4697d70000 r--p 00006000 08:05 3936962                    /lib/x86_64-linux-gnu/librt-2.23.so
7f4697d70000-7f4697d71000 rw-p 00007000 08:05 3936962                    /lib/x86_64-linux-gnu/librt-2.23.so
7f4697d71000-7f4697d87000 r-xp 00000000 08:05 3936846                    /lib/x86_64-linux-gnu/libgcc_s.so.1
7f4697d87000-7f4697f86000 ---p 00016000 08:05 3936846                    /lib/x86_64-linux-gnu/libgcc_s.so.1
7f4697f86000-7f4697f87000 rw-p 00015000 08:05 3936846                    /lib/x86_64-linux-gnu/libgcc_s.so.1
7f4697f87000-7f469808f000 r-xp 00000000 08:05 3936878                    /lib/x86_64-linux-gnu/libm-2.23.so
7f469808f000-7f469828e000 ---p 00108000 08:05 3936878                    /lib/x86_64-linux-gnu/libm-2.23.so
7f469828e000-7f469828f000 r--p 00107000 08:05 3936878                    /lib/x86_64-linux-gnu/libm-2.23.so
7f469828f000-7f4698290000 rw-p 00108000 08:05 3936878                    /lib/x86_64-linux-gnu/libm-2.23.so
7f4698290000-7f4698402000 r-xp 00000000 08:05 4325774                    /usr/lib/x86_64-linux-gnu/libstdc++.so.6.0.21
7f4698402000-7f4698602000 ---p 00172000 08:05 4325774                    /usr/lib/x86_64-linux-gnu/libstdc++.so.6.0.21
7f4698602000-7f469860c000 r--p 00172000 08:05 4325774                    /usr/lib/x86_64-linux-gnu/libstdc++.so.6.0.21
7f469860c000-7f469860e000 rw-p 0017c000 08:05 4325774                    /usr/lib/x86_64-linux-gnu/libstdc++.so.6.0.21
7f469860e000-7f4698612000 rw-p 00000000 00:00 0 
7f4698612000-7f4699258000 r-xp 00000000 08:05 4326929                    /usr/lib/jvm/java-8-openjdk-amd64/jre/lib/amd64/server/libjvm.so
7f4699258000-7f4699458000 ---p 00c46000 08:05 4326929                    /usr/lib/jvm/java-8-openjdk-amd64/jre/lib/amd64/server/libjvm.so
7f4699458000-7f46994eb000 r--p 00c46000 08:05 4326929                    /usr/lib/jvm/java-8-openjdk-amd64/jre/lib/amd64/server/libjvm.so
7f46994eb000-7f4699513000 rw-p 00cd9000 08:05 4326929                    /usr/lib/jvm/java-8-openjdk-amd64/jre/lib/amd64/server/libjvm.so
7f4699513000-7f4699543000 rw-p 00000000 00:00 0 
7f4699543000-7f469955b000 r-xp 00000000 08:05 3936954                    /lib/x86_64-linux-gnu/libpthread-2.23.so
7f469955b000-7f469975a000 ---p 00018000 08:05 3936954                    /lib/x86_64-linux-gnu/libpthread-2.23.so
7f469975a000-7f469975b000 r--p 00017000 08:05 3936954                    /lib/x86_64-linux-gnu/libpthread-2.23.so
7f469975b000-7f469975c000 rw-p 00018000 08:05 3936954                    /lib/x86_64-linux-gnu/libpthread-2.23.so
7f469975c000-7f4699760000 rw-p 00000000 00:00 0 
7f4699760000-7f4699763000 r-xp 00000000 08:05 3936832                    /lib/x86_64-linux-gnu/libdl-2.23.so
7f4699763000-7f4699962000 ---p 00003000 08:05 3936832                    /lib/x86_64-linux-gnu/libdl-2.23.so
7f4699962000-7f4699963000 r--p 00002000 08:05 3936832                    /lib/x86_64-linux-gnu/libdl-2.23.so
7f4699963000-7f4699964000 rw-p 00003000 08:05 3936832                    /lib/x86_64-linux-gnu/libdl-2.23.so
7f4699964000-7f469997d000 r-xp 00000000 08:05 3936999                    /lib/x86_64-linux-gnu/libz.so.1.2.8
7f469997d000-7f4699b7c000 ---p 00019000 08:05 3936999                    /lib/x86_64-linux-gnu/libz.so.1.2.8
7f4699b7c000-7f4699b7d000 r--p 00018000 08:05 3936999                    /lib/x86_64-linux-gnu/libz.so.1.2.8
7f4699b7d000-7f4699b7e000 rw-p 00019000 08:05 3936999                    /lib/x86_64-linux-gnu/libz.so.1.2.8
7f4699b7e000-7f4699d3e000 r-xp 00000000 08:05 3936808                    /lib/x86_64-linux-gnu/libc-2.23.so
7f4699d3e000-7f4699f3d000 ---p 001c0000 08:05 3936808                    /lib/x86_64-linux-gnu/libc-2.23.so
7f4699f3d000-7f4699f41000 r--p 001bf000 08:05 3936808                    /lib/x86_64-linux-gnu/libc-2.23.so
7f4699f41000-7f4699f43000 rw-p 001c3000 08:05 3936808                    /lib/x86_64-linux-gnu/libc-2.23.so
7f4699f43000-7f4699f47000 rw-p 00000000 00:00 0 
7f4699f47000-7f4699f54000 r-xp 00000000 08:05 4335723                    /usr/lib/jvm/java-8-openjdk-amd64/jre/lib/amd64/jli/libjli.so
7f4699f54000-7f469a154000 ---p 0000d000 08:05 4335723                    /usr/lib/jvm/java-8-openjdk-amd64/jre/lib/amd64/jli/libjli.so
7f469a154000-7f469a155000 r--p 0000d000 08:05 4335723                    /usr/lib/jvm/java-8-openjdk-amd64/jre/lib/amd64/jli/libjli.so
7f469a155000-7f469a156000 rw-p 0000e000 08:05 4335723                    /usr/lib/jvm/java-8-openjdk-amd64/jre/lib/amd64/jli/libjli.so
7f469a156000-7f469a17c000 r-xp 00000000 08:05 3936780                    /lib/x86_64-linux-gnu/ld-2.23.so
7f469a17c000-7f469a181000 r--s 0003b000 08:05 4347773                    /usr/lib/jvm/java-8-openjdk-amd64/jre/lib/ext/sunjce_provider.jar
7f469a181000-7f469a251000 rw-p 00000000 00:00 0 
7f469a251000-7f469a254000 ---p 00000000 00:00 0 
7f469a254000-7f469a357000 rw-p 00000000 00:00 0 
7f469a357000-7f469a358000 r--s 00010000 08:05 4347772                    /usr/lib/jvm/java-8-openjdk-amd64/jre/lib/ext/zipfs.jar
7f469a358000-7f469a35a000 r--s 00001000 08:05 4347768                    /usr/lib/jvm/java-8-openjdk-amd64/jre/lib/ext/dnsns.jar
7f469a35a000-7f469a35b000 r--s 0000a000 08:05 4347771                    /usr/lib/jvm/java-8-openjdk-amd64/jre/lib/ext/jaccess.jar
7f469a35b000-7f469a36f000 rw-p 00000000 00:00 0 
7f469a36f000-7f469a377000 rw-s 00000000 08:05 1979721                    /tmp/hsperfdata_root/12515
7f469a377000-7f469a378000 rw-p 00000000 00:00 0 
7f469a378000-7f469a379000 ---p 00000000 00:00 0 
7f469a379000-7f469a37b000 rw-p 00000000 00:00 0 
7f469a37b000-7f469a37c000 r--p 00025000 08:05 3936780                    /lib/x86_64-linux-gnu/ld-2.23.so
7f469a37c000-7f469a37d000 rw-p 00026000 08:05 3936780                    /lib/x86_64-linux-gnu/ld-2.23.so
7f469a37d000-7f469a37e000 rw-p 00000000 00:00 0 
7ffe8545b000-7ffe8547c000 rw-p 00000000 00:00 0                          [stack]
7ffe8555d000-7ffe8555f000 r--p 00000000 00:00 0                          [vvar]
7ffe8555f000-7ffe85561000 r-xp 00000000 00:00 0                          [vdso]
ffffffffff600000-ffffffffff601000 r-xp 00000000 00:00 0                  [vsyscall]

VM Arguments:
jvm_args: -XX:MaxPermSize=256m -XX:+HeapDumpOnOutOfMemoryError -Xmx1024m -Dfile.encoding=UTF-8 -Duser.country=IN -Duser.language=en -Duser.variant 
java_command: org.gradle.launcher.daemon.bootstrap.GradleDaemon 2.14.1
java_class_path (initial): /root/.gradle/wrapper/dists/gradle-2.14.1-all/8bnwg5hd3w55iofp58khbp6yv/gradle-2.14.1/lib/gradle-launcher-2.14.1.jar
Launcher Type: SUN_STANDARD

Environment Variables:
PATH=/usr/local/sbin:/usr/local/bin:/usr/sbin:/usr/bin:/sbin:/bin:/snap/bin
USERNAME=root
LD_LIBRARY_PATH=.:
SHELL=/bin/bash
DISPLAY=:0

Signal Handlers:
SIGSEGV: [libjvm.so+0xa5e970], sa_mask[0]=11111111011111111101111111111110, sa_flags=SA_RESTART|SA_SIGINFO
SIGBUS: [libjvm.so+0xa5e970], sa_mask[0]=11111111011111111101111111111110, sa_flags=SA_RESTART|SA_SIGINFO
SIGFPE: [libjvm.so+0x8a9ff0], sa_mask[0]=11111111011111111101111111111110, sa_flags=SA_RESTART|SA_SIGINFO
SIGPIPE: [libjvm.so+0x8a9ff0], sa_mask[0]=11111111011111111101111111111110, sa_flags=SA_RESTART|SA_SIGINFO
SIGXFSZ: [libjvm.so+0x8a9ff0], sa_mask[0]=11111111011111111101111111111110, sa_flags=SA_RESTART|SA_SIGINFO
SIGILL: [libjvm.so+0x8a9ff0], sa_mask[0]=11111111011111111101111111111110, sa_flags=SA_RESTART|SA_SIGINFO
SIGUSR1: SIG_DFL, sa_mask[0]=00000000000000000000000000000000, sa_flags=none
SIGUSR2: [libjvm.so+0x8a9ea0], sa_mask[0]=00100000000000000000000000000000, sa_flags=SA_RESTART|SA_SIGINFO
SIGHUP: [libjvm.so+0x8aa370], sa_mask[0]=11111111011111111101111111111110, sa_flags=SA_RESTART|SA_SIGINFO
SIGINT: [libjvm.so+0x8aa370], sa_mask[0]=11111111011111111101111111111110, sa_flags=SA_RESTART|SA_SIGINFO
SIGTERM: [libjvm.so+0x8aa370], sa_mask[0]=11111111011111111101111111111110, sa_flags=SA_RESTART|SA_SIGINFO
SIGQUIT: [libjvm.so+0x8aa370], sa_mask[0]=11111111011111111101111111111110, sa_flags=SA_RESTART|SA_SIGINFO


---------------  S Y S T E M  ---------------

OS:DISTRIB_ID=Ubuntu
DISTRIB_RELEASE=16.04
DISTRIB_CODENAME=xenial
DISTRIB_DESCRIPTION="Ubuntu 16.04.1 LTS"

uname:Linux 4.4.0-36-generic #55-Ubuntu SMP Thu Aug 11 18:01:55 UTC 2016 x86_64
libc:glibc 2.23 NPTL 2.23 
rlimit: STACK 8192k, CORE 0k, NPROC 31460, NOFILE 65536, AS infinity
load average:2.60 3.19 2.19

/proc/meminfo:
MemTotal:        8092716 kB
MemFree:         2896924 kB
MemAvailable:    4844152 kB
Buffers:          378672 kB
Cached:          2137684 kB
SwapCached:            0 kB
Active:          3650604 kB
Inactive:        1240596 kB
Active(anon):    2380240 kB
Inactive(anon):   401456 kB
Active(file):    1270364 kB
Inactive(file):   839140 kB
Unevictable:          92 kB
Mlocked:              92 kB
SwapTotal:       8304636 kB
SwapFree:        8304636 kB
Dirty:             13596 kB
Writeback:             0 kB
AnonPages:       2375136 kB
Mapped:           502952 kB
Shmem:            406824 kB
Slab:             167464 kB
SReclaimable:     122420 kB
SUnreclaim:        45044 kB
KernelStack:       10576 kB
PageTables:        45608 kB
NFS_Unstable:          0 kB
Bounce:                0 kB
WritebackTmp:          0 kB
CommitLimit:    12350992 kB
Committed_AS:    7023276 kB
VmallocTotal:   34359738367 kB
VmallocUsed:           0 kB
VmallocChunk:          0 kB
HardwareCorrupted:     0 kB
AnonHugePages:   1153024 kB
CmaTotal:              0 kB
CmaFree:               0 kB
HugePages_Total:       0
HugePages_Free:        0
HugePages_Rsvd:        0
HugePages_Surp:        0
Hugepagesize:       2048 kB
DirectMap4k:      257984 kB
DirectMap2M:     7000064 kB
DirectMap1G:     2097152 kB


CPU:total 4 (2 cores per cpu, 2 threads per core) family 6 model 61 stepping 4, cmov, cx8, fxsr, mmx, sse, sse2, sse3, ssse3, sse4.1, sse4.2, popcnt, avx, avx2, aes, clmul, erms, 3dnowpref, lzcnt, ht, tsc, tscinvbit, bmi1, bmi2, adx

/proc/cpuinfo:
processor	: 0
vendor_id	: GenuineIntel
cpu family	: 6
model		: 61
model name	: Intel(R) Core(TM) i7-5500U CPU @ 2.40GHz
stepping	: 4
microcode	: 0x19
cpu MHz		: 2299.968
cache size	: 4096 KB
physical id	: 0
siblings	: 4
core id		: 0
cpu cores	: 2
apicid		: 0
initial apicid	: 0
fpu		: yes
fpu_exception	: yes
cpuid level	: 20
wp		: yes
flags		: fpu vme de pse tsc msr pae mce cx8 apic sep mtrr pge mca cmov pat pse36 clflush dts acpi mmx fxsr sse sse2 ss ht tm pbe syscall nx pdpe1gb rdtscp lm constant_tsc arch_perfmon pebs bts rep_good nopl xtopology nonstop_tsc aperfmperf eagerfpu pni pclmulqdq dtes64 monitor ds_cpl vmx est tm2 ssse3 sdbg fma cx16 xtpr pdcm pcid sse4_1 sse4_2 x2apic movbe popcnt tsc_deadline_timer aes xsave avx f16c rdrand lahf_lm abm 3dnowprefetch epb intel_pt tpr_shadow vnmi flexpriority ept vpid fsgsbase tsc_adjust bmi1 avx2 smep bmi2 erms invpcid rdseed adx smap xsaveopt dtherm ida arat pln pts
bugs		:
bogomips	: 4788.66
clflush size	: 64
cache_alignment	: 64
address sizes	: 39 bits physical, 48 bits virtual
power management:

processor	: 1
vendor_id	: GenuineIntel
cpu family	: 6
model		: 61
model name	: Intel(R) Core(TM) i7-5500U CPU @ 2.40GHz
stepping	: 4
microcode	: 0x19
cpu MHz		: 2299.968
cache size	: 4096 KB
physical id	: 0
siblings	: 4
core id		: 1
cpu cores	: 2
apicid		: 2
initial apicid	: 2
fpu		: yes
fpu_exception	: yes
cpuid level	: 20
wp		: yes
flags		: fpu vme de pse tsc msr pae mce cx8 apic sep mtrr pge mca cmov pat pse36 clflush dts acpi mmx fxsr sse sse2 ss ht tm pbe syscall nx pdpe1gb rdtscp lm constant_tsc arch_perfmon pebs bts rep_good nopl xtopology nonstop_tsc aperfmperf eagerfpu pni pclmulqdq dtes64 monitor ds_cpl vmx est tm2 ssse3 sdbg fma cx16 xtpr pdcm pcid sse4_1 sse4_2 x2apic movbe popcnt tsc_deadline_timer aes xsave avx f16c rdrand lahf_lm abm 3dnowprefetch epb intel_pt tpr_shadow vnmi flexpriority ept vpid fsgsbase tsc_adjust bmi1 avx2 smep bmi2 erms invpcid rdseed adx smap xsaveopt dtherm ida arat pln pts
bugs		:
bogomips	: 4788.66
clflush size	: 64
cache_alignment	: 64
address sizes	: 39 bits physical, 48 bits virtual
power management:

processor	: 2
vendor_id	: GenuineIntel
cpu family	: 6
model		: 61
model name	: Intel(R) Core(TM) i7-5500U CPU @ 2.40GHz
stepping	: 4
microcode	: 0x19
cpu MHz		: 2299.968
cache size	: 4096 KB
physical id	: 0
siblings	: 4
core id		: 0
cpu cores	: 2
apicid		: 1
initial apicid	: 1
fpu		: yes
fpu_exception	: yes
cpuid level	: 20
wp		: yes
flags		: fpu vme de pse tsc msr pae mce cx8 apic sep mtrr pge mca cmov pat pse36 clflush dts acpi mmx fxsr sse sse2 ss ht tm pbe syscall nx pdpe1gb rdtscp lm constant_tsc arch_perfmon pebs bts rep_good nopl xtopology nonstop_tsc aperfmperf eagerfpu pni pclmulqdq dtes64 monitor ds_cpl vmx est tm2 ssse3 sdbg fma cx16 xtpr pdcm pcid sse4_1 sse4_2 x2apic movbe popcnt tsc_deadline_timer aes xsave avx f16c rdrand lahf_lm abm 3dnowprefetch epb intel_pt tpr_shadow vnmi flexpriority ept vpid fsgsbase tsc_adjust bmi1 avx2 smep bmi2 erms invpcid rdseed adx smap xsaveopt dtherm ida arat pln pts
bugs		:
bogomips	: 4788.66
clflush size	: 64
cache_alignment	: 64
address sizes	: 39 bits physical, 48 bits virtual
power management:

processor	: 3
vendor_id	: GenuineIntel
cpu family	: 6
model		: 61
model name	: Intel(R) Core(TM) i7-5500U CPU @ 2.40GHz
stepping	: 4
microcode	: 0x19
cpu MHz		: 2299.968
cache size	: 4096 KB
physical id	: 0
siblings	: 4
core id		: 1
cpu cores	: 2
apicid		: 3
initial apicid	: 3
fpu		: yes
fpu_exception	: yes
cpuid level	: 20
wp		: yes
flags		: fpu vme de pse tsc msr pae mce cx8 apic sep mtrr pge mca cmov pat pse36 clflush dts acpi mmx fxsr sse sse2 ss ht tm pbe syscall nx pdpe1gb rdtscp lm constant_tsc arch_perfmon pebs bts rep_good nopl xtopology nonstop_tsc aperfmperf eagerfpu pni pclmulqdq dtes64 monitor ds_cpl vmx est tm2 ssse3 sdbg fma cx16 xtpr pdcm pcid sse4_1 sse4_2 x2apic movbe popcnt tsc_deadline_timer aes xsave avx f16c rdrand lahf_lm abm 3dnowprefetch epb intel_pt tpr_shadow vnmi flexpriority ept vpid fsgsbase tsc_adjust bmi1 avx2 smep bmi2 erms invpcid rdseed adx smap xsaveopt dtherm ida arat pln pts
bugs		:
bogomips	: 4788.66
clflush size	: 64
cache_alignment	: 64
address sizes	: 39 bits physical, 48 bits virtual
power management:



Memory: 4k page, physical 8092716k(2896924k free), swap 8304636k(8304636k free)

vm_info: OpenJDK 64-Bit Server VM (25.91-b14) for linux-amd64 JRE (1.8.0_91-8u91-b14-3ubuntu1~16.04.1-b14), built on Jul 21 2016 04:13:34 by "buildd" with gcc 5.3.1 20160413

time: Tue Sep 13 23:32:35 2016
elapsed time: 2 seconds (0d 0h 0m 2s)

