#
# A fatal error has been detected by the Java Runtime Environment:
#
#  SIGSEGV (0xb) at pc=0x00007f5f971b6569, pid=11756, tid=140048092821248
#
# JRE version: OpenJDK Runtime Environment (8.0_91-b14) (build 1.8.0_91-8u91-b14-3ubuntu1~16.04.1-b14)
# Java VM: OpenJDK 64-Bit Server VM (25.91-b14 mixed mode linux-amd64 compressed oops)
# Problematic frame:
# V  [libjvm.so+0x440569]
#
# Failed to write core dump. Core dumps have been disabled. To enable core dumping, try "ulimit -c unlimited" before starting Java again
#
# If you would like to submit a bug report, please visit:
#   http://bugreport.java.com/bugreport/crash.jsp
#

---------------  T H R E A D  ---------------

Current thread (0x00007f5f900b2000):  JavaThread "C1 CompilerThread2" daemon [_thread_in_vm, id=11773, stack(0x00007f5f7cc2f000,0x00007f5f7cd30000)]

siginfo: si_signo: 11 (SIGSEGV), si_code: 128 (SI_KERNEL), si_addr: 0x0000000000000000

Registers:
RAX=0x00007f5f98936c00, RBX=0x00007f5f7cd2e7a8, RCX=0x00007f5f97803314, RDX=0x00007f5f7e877750
RSP=0x00007f5f7cd2e230, RBP=0x00007f5f7cd2e340, RSI=0x0000000000000048, RDI=0x00007f5f7e877750
R8 =0x0000000000000001, R9 =0x00007f5f5c000f70, R10=0x00007f5f81076ee0, R11=0x00007f5f5c04d304
R12=0x00007f5f7cd2e800, R13=0x00007f5f7cd2e270, R14=0x00007f5f7cd2e8a0, R15=0x00007f5f7cd2e250
RIP=0x00007f5f971b6569, EFLAGS=0x0000000000010246, CSGSFS=0x0000000000000033, ERR=0x0000000000000000
  TRAPNO=0x000000000000000d

Top of Stack: (sp=0x00007f5f7cd2e230)
0x00007f5f7cd2e230:   00007f5f7cd2e6e0 00007f5f7e877750
0x00007f5f7cd2e240:   00007f5f7cd2e3a0 00007f5f7cd2e2e0
0x00007f5f7cd2e250:   0000000200000000 0000000000000000
0x00007f5f7cd2e260:   00007f5f0000000f 00007f5f5c04dd40
0x00007f5f7cd2e270:   0000000000000000 00007f5f5c04d2d2
0x00007f5f7cd2e280:   00007f5f5c04d304 0000000000000000
0x00007f5f7cd2e290:   00007f5f81076f11 0000000000000000
0x00007f5f7cd2e2a0:   00007f5f7cd2e2c0 7d21f455e7000000
0x00007f5f7cd2e2b0:   00007f5f810f6ee0 00007f5f81076ee0
0x00007f5f7cd2e2c0:   00007f5f810f6d80 00007f5f810f6ee0
0x00007f5f7cd2e2d0:   00007f5f81077309 00007f5f810f6e41
0x00007f5f7cd2e2e0:   00007f5f97bcbfa8 00007f5f7cd2e270
0x00007f5f7cd2e2f0:   0000000000000000 00007f5f970c7b00
0x00007f5f7cd2e300:   00007f5f8106d460 7d21f455e7116d00
0x00007f5f7cd2e310:   00007f5f97bcecd8 00007f5f900b2580
0x00007f5f7cd2e320:   00007f5f7cd2e4e0 00007f5f7e874e50
0x00007f5f7cd2e330:   00007f5f7cd2e768 00007f5f5c048750
0x00007f5f7cd2e340:   00007f5f7cd2e420 00007f5f975f4ad6
0x00007f5f7cd2e350:   00007f5f7cd2e3a0 00007f5f900aca50
0x00007f5f7cd2e360:   00007f5f5c048700 00000060000007fe
0x00007f5f7cd2e370:   00007f5f7cd2e788 0000000fffffffff
0x00007f5f7cd2e380:   00007f5f97c528d8 00007f5f7cd2e750
0x00007f5f7cd2e390:   00007f5f7cd2e7a8 00007f5f5c000f70
0x00007f5f7cd2e3a0:   00007f5f7e874e50 00007f5f900b2000
0x00007f5f7cd2e3b0:   00007f5f7cd2e460 00007f5f97151af0
0x00007f5f7cd2e3c0:   0000000000000000 00007f5f5c048750
0x00007f5f7cd2e3d0:   00007f5f5c04dcd0 00007f5f00000003
0x00007f5f7cd2e3e0:   0000000000000006 7d21f455e7116d00
0x00007f5f7cd2e3f0:   0000000000000010 00007f5f900b2000
0x00007f5f7cd2e400:   00007f5f7cd2ea90 00007f5f7e874e50
0x00007f5f7cd2e410:   00007f5f900b2580 00007f5f90007240
0x00007f5f7cd2e420:   00007f5f7cd2e530 00007f5f97151e4f 

Instructions: (pc=0x00007f5f971b6569)
0x00007f5f971b6549:   00 00 48 8b 40 18 48 39 f8 0f 85 66 01 00 00 48
0x00007f5f971b6559:   8b 52 08 48 8b 02 48 89 d7 48 89 95 f8 fe ff ff
0x00007f5f971b6569:   ff 50 10 84 c0 48 8b 95 f8 fe ff ff 74 0c 48 8b
0x00007f5f971b6579:   42 08 48 8b 40 08 48 8b 50 18 48 8b 02 48 89 d7 

Register to memory mapping:

RAX=0x00007f5f98936c00 is an unknown value
RBX=0x00007f5f7cd2e7a8 is pointing into the stack for thread: 0x00007f5f900b2000
RCX=0x00007f5f97803314: <offset 0xa8d314> in /usr/lib/jvm/java-8-openjdk-amd64/jre/lib/amd64/server/libjvm.so at 0x00007f5f96d76000
RDX=0x00007f5f7e877750 is pointing into metadata
RSP=0x00007f5f7cd2e230 is pointing into the stack for thread: 0x00007f5f900b2000
RBP=0x00007f5f7cd2e340 is pointing into the stack for thread: 0x00007f5f900b2000
RSI=0x0000000000000048 is an unknown value
RDI=0x00007f5f7e877750 is pointing into metadata
R8 =0x0000000000000001 is an unknown value
R9 =0x00007f5f5c000f70 is an unknown value
R10=0x00007f5f81076ee0 is at code_begin+0 in 
[CodeBlob (0x00007f5f81076e90)]
Framesize: 0
BufferBlob (0x00007f5f81076e90) used for C1 temporary CodeBuffer
R11=0x00007f5f5c04d304 is an unknown value
R12=0x00007f5f7cd2e800 is pointing into the stack for thread: 0x00007f5f900b2000
R13=0x00007f5f7cd2e270 is pointing into the stack for thread: 0x00007f5f900b2000
R14=0x00007f5f7cd2e8a0 is pointing into the stack for thread: 0x00007f5f900b2000
R15=0x00007f5f7cd2e250 is pointing into the stack for thread: 0x00007f5f900b2000


Stack: [0x00007f5f7cc2f000,0x00007f5f7cd30000],  sp=0x00007f5f7cd2e230,  free space=1020k
Native frames: (J=compiled Java code, j=interpreted, Vv=VM code, C=native code)
V  [libjvm.so+0x440569]
V  [libjvm.so+0x87ead6]
V  [libjvm.so+0x3dbe4f]
V  [libjvm.so+0x320cb4]
V  [libjvm.so+0x321002]
V  [libjvm.so+0x321ce7]
V  [libjvm.so+0x47160c]
V  [libjvm.so+0x473447]
V  [libjvm.so+0xa02f03]
V  [libjvm.so+0xa033e4]
V  [libjvm.so+0x8abeb2]
C  [libpthread.so.0+0x76fa]  start_thread+0xca


Current CompileTask:
C1:    261   15       3       java.lang.AbstractStringBuilder::append (50 bytes)


---------------  P R O C E S S  ---------------

Java Threads: ( => current thread )
  0x00007f5f900b9000 JavaThread "Service Thread" daemon [_thread_blocked, id=11774, stack(0x00007f5f7cb2e000,0x00007f5f7cc2f000)]
=>0x00007f5f900b2000 JavaThread "C1 CompilerThread2" daemon [_thread_in_vm, id=11773, stack(0x00007f5f7cc2f000,0x00007f5f7cd30000)]
  0x00007f5f900b0000 JavaThread "C2 CompilerThread1" daemon [_thread_blocked, id=11772, stack(0x00007f5f7cd30000,0x00007f5f7ce31000)]
  0x00007f5f900ad000 JavaThread "C2 CompilerThread0" daemon [_thread_blocked, id=11771, stack(0x00007f5f7ce31000,0x00007f5f7cf32000)]
  0x00007f5f900ab000 JavaThread "Signal Dispatcher" daemon [_thread_blocked, id=11770, stack(0x00007f5f7cf32000,0x00007f5f7d033000)]
  0x00007f5f90084000 JavaThread "Finalizer" daemon [_thread_blocked, id=11769, stack(0x00007f5f7d9f2000,0x00007f5f7daf3000)]
  0x00007f5f9007f000 JavaThread "Reference Handler" daemon [_thread_blocked, id=11768, stack(0x00007f5f7daf3000,0x00007f5f7dbf4000)]
  0x00007f5f9000a000 JavaThread "main" [_thread_in_vm, id=11758, stack(0x00007f5f989b5000,0x00007f5f98ab6000)]

Other Threads:
  0x00007f5f90077800 VMThread [stack: 0x00007f5f7dbf4000,0x00007f5f7dcf5000] [id=11766]
  0x00007f5f900bb800 WatcherThread [stack: 0x00007f5f7ca2d000,0x00007f5f7cb2e000] [id=11775]

VM state:not at safepoint (normal execution)

VM Mutex/Monitor currently owned by a thread:  ([mutex/lock_event])
[0x00007f5f90007140] Compile_lock - owner thread: 0x00007f5f900b2000
[0x00007f5f90007240] MethodCompileQueue_lock - owner thread: 0x00007f5f900b2000

Heap:
 PSYoungGen      total 36864K, used 634K [0x00000000eab00000, 0x00000000ed400000, 0x0000000100000000)
  eden space 31744K, 2% used [0x00000000eab00000,0x00000000eab9eb90,0x00000000eca00000)
  from space 5120K, 0% used [0x00000000ecf00000,0x00000000ecf00000,0x00000000ed400000)
  to   space 5120K, 0% used [0x00000000eca00000,0x00000000eca00000,0x00000000ecf00000)
 ParOldGen       total 84992K, used 0K [0x00000000c0000000, 0x00000000c5300000, 0x00000000eab00000)
  object space 84992K, 0% used [0x00000000c0000000,0x00000000c0000000,0x00000000c5300000)
 Metaspace       used 2579K, capacity 4486K, committed 4864K, reserved 1056768K
  class space    used 269K, capacity 386K, committed 512K, reserved 1048576K

Card table byte_map: [0x00007f5f94e83000,0x00007f5f95084000] byte_map_base: 0x00007f5f94883000

Marking Bits: (ParMarkBitMap*) 0x00007f5f97c8afc0
 Begin Bits: [0x00007f5f7f000000, 0x00007f5f80000000)
 End Bits:   [0x00007f5f80000000, 0x00007f5f81000000)

Polling page: 0x00007f5f98adc000

CodeCache: size=245760Kb used=1075Kb max_used=1075Kb free=244684Kb
 bounds [0x00007f5f81000000, 0x00007f5f81270000, 0x00007f5f90000000]
 total_blobs=244 nmethods=14 adapters=146
 compilation: enabled

Compilation events (10 events):
Event: 0.248 Thread 0x00007f5f900b2000 nmethod 10 0x00007f5f8110b750 code [0x00007f5f8110b8a0, 0x00007f5f8110b9b0]
Event: 0.249 Thread 0x00007f5f900b2000   11       3       java.lang.AbstractStringBuilder::ensureCapacityInternal (16 bytes)
Event: 0.249 Thread 0x00007f5f900b2000 nmethod 11 0x00007f5f8110ba10 code [0x00007f5f8110bb80, 0x00007f5f8110bdc8]
Event: 0.249 Thread 0x00007f5f900b2000   12       1       java.lang.ThreadLocal::access$400 (5 bytes)
Event: 0.250 Thread 0x00007f5f900b2000 nmethod 12 0x00007f5f8110be90 code [0x00007f5f8110bfe0, 0x00007f5f8110c0d0]
Event: 0.253 Thread 0x00007f5f900b2000   13       3       java.util.jar.Attributes$Name::isValid (32 bytes)
Event: 0.253 Thread 0x00007f5f900b2000 nmethod 13 0x00007f5f8110c150 code [0x00007f5f8110c2e0, 0x00007f5f8110c598]
Event: 0.253 Thread 0x00007f5f900b2000   14       3       java.util.jar.Attributes$Name::isAlpha (30 bytes)
Event: 0.253 Thread 0x00007f5f900b2000 nmethod 14 0x00007f5f8110c650 code [0x00007f5f8110c7c0, 0x00007f5f8110c9f0]
Event: 0.259 Thread 0x00007f5f900b2000   15       3       java.lang.AbstractStringBuilder::append (50 bytes)

GC Heap History (0 events):
No events

Deoptimization events (0 events):
No events

Internal exceptions (2 events):
Event: 0.122 Thread 0x00007f5f9000a000 Exception <a 'java/lang/NoSuchMethodError': Method sun.misc.Unsafe.defineClass(Ljava/lang/String;[BII)Ljava/lang/Class; name or signature does not match> (0x00000000eab07cc0) thrown at [/build/openjdk-8-W1Ghxo/openjdk-8-8u91-b14/src/hotspot/src/share/vm/p
Event: 0.122 Thread 0x00007f5f9000a000 Exception <a 'java/lang/NoSuchMethodError': Method sun.misc.Unsafe.prefetchRead(Ljava/lang/Object;J)V name or signature does not match> (0x00000000eab07fa8) thrown at [/build/openjdk-8-W1Ghxo/openjdk-8-8u91-b14/src/hotspot/src/share/vm/prims/jni.cpp, line

Events (10 events):
Event: 0.258 loading class java/security/UnresolvedPermission
Event: 0.258 loading class java/security/UnresolvedPermission done
Event: 0.258 loading class java/security/BasicPermissionCollection
Event: 0.258 loading class java/security/BasicPermissionCollection done
Event: 0.259 loading class sun/launcher/LauncherHelper$FXHelper
Event: 0.259 loading class sun/launcher/LauncherHelper$FXHelper done
Event: 0.259 loading class java/lang/Class$MethodArray
Event: 0.259 loading class java/lang/Class$MethodArray done
Event: 0.259 loading class com/android/dx/command/UsageException
Event: 0.259 loading class com/android/dx/command/UsageException done


Dynamic libraries:
00400000-00401000 r-xp 00000000 08:05 4326040                            /usr/lib/jvm/java-8-openjdk-amd64/jre/bin/java
00600000-00601000 r--p 00000000 08:05 4326040                            /usr/lib/jvm/java-8-openjdk-amd64/jre/bin/java
00601000-00602000 rw-p 00001000 08:05 4326040                            /usr/lib/jvm/java-8-openjdk-amd64/jre/bin/java
00767000-00788000 rw-p 00000000 00:00 0                                  [heap]
c0000000-c5300000 rw-p 00000000 00:00 0 
c5300000-eab00000 ---p 00000000 00:00 0 
eab00000-ed400000 rw-p 00000000 00:00 0 
ed400000-100000000 ---p 00000000 00:00 0 
100000000-100080000 rw-p 00000000 00:00 0 
100080000-140000000 ---p 00000000 00:00 0 
7f5f48000000-7f5f48021000 rw-p 00000000 00:00 0 
7f5f48021000-7f5f4c000000 ---p 00000000 00:00 0 
7f5f4c000000-7f5f4c021000 rw-p 00000000 00:00 0 
7f5f4c021000-7f5f50000000 ---p 00000000 00:00 0 
7f5f50000000-7f5f50021000 rw-p 00000000 00:00 0 
7f5f50021000-7f5f54000000 ---p 00000000 00:00 0 
7f5f54000000-7f5f54021000 rw-p 00000000 00:00 0 
7f5f54021000-7f5f58000000 ---p 00000000 00:00 0 
7f5f58000000-7f5f58021000 rw-p 00000000 00:00 0 
7f5f58021000-7f5f5c000000 ---p 00000000 00:00 0 
7f5f5c000000-7f5f5c056000 rw-p 00000000 00:00 0 
7f5f5c056000-7f5f60000000 ---p 00000000 00:00 0 
7f5f60000000-7f5f60021000 rw-p 00000000 00:00 0 
7f5f60021000-7f5f64000000 ---p 00000000 00:00 0 
7f5f64000000-7f5f64021000 rw-p 00000000 00:00 0 
7f5f64021000-7f5f68000000 ---p 00000000 00:00 0 
7f5f68000000-7f5f68021000 rw-p 00000000 00:00 0 
7f5f68021000-7f5f6c000000 ---p 00000000 00:00 0 
7f5f6c000000-7f5f6c021000 rw-p 00000000 00:00 0 
7f5f6c021000-7f5f70000000 ---p 00000000 00:00 0 
7f5f70000000-7f5f70021000 rw-p 00000000 00:00 0 
7f5f70021000-7f5f74000000 ---p 00000000 00:00 0 
7f5f74000000-7f5f74021000 rw-p 00000000 00:00 0 
7f5f74021000-7f5f78000000 ---p 00000000 00:00 0 
7f5f78000000-7f5f78021000 rw-p 00000000 00:00 0 
7f5f78021000-7f5f7c000000 ---p 00000000 00:00 0 
7f5f7ca11000-7f5f7ca2d000 r--s 00393000 08:05 4347769                    /usr/lib/jvm/java-8-openjdk-amd64/jre/lib/ext/cldrdata.jar
7f5f7ca2d000-7f5f7ca2e000 ---p 00000000 00:00 0 
7f5f7ca2e000-7f5f7cb2e000 rw-p 00000000 00:00 0 
7f5f7cb2e000-7f5f7cb31000 ---p 00000000 00:00 0 
7f5f7cb31000-7f5f7cc2f000 rw-p 00000000 00:00 0 
7f5f7cc2f000-7f5f7cc32000 ---p 00000000 00:00 0 
7f5f7cc32000-7f5f7cd30000 rw-p 00000000 00:00 0 
7f5f7cd30000-7f5f7cd33000 ---p 00000000 00:00 0 
7f5f7cd33000-7f5f7ce31000 rw-p 00000000 00:00 0 
7f5f7ce31000-7f5f7ce34000 ---p 00000000 00:00 0 
7f5f7ce34000-7f5f7cf32000 rw-p 00000000 00:00 0 
7f5f7cf32000-7f5f7cf35000 ---p 00000000 00:00 0 
7f5f7cf35000-7f5f7d033000 rw-p 00000000 00:00 0 
7f5f7d033000-7f5f7d9f2000 r--p 00000000 08:05 4332926                    /usr/lib/locale/locale-archive
7f5f7d9f2000-7f5f7d9f5000 ---p 00000000 00:00 0 
7f5f7d9f5000-7f5f7daf3000 rw-p 00000000 00:00 0 
7f5f7daf3000-7f5f7daf6000 ---p 00000000 00:00 0 
7f5f7daf6000-7f5f7dbf4000 rw-p 00000000 00:00 0 
7f5f7dbf4000-7f5f7dbf5000 ---p 00000000 00:00 0 
7f5f7dbf5000-7f5f7ec40000 rw-p 00000000 00:00 0 
7f5f7ec40000-7f5f7f000000 ---p 00000000 00:00 0 
7f5f7f000000-7f5f81000000 rw-p 00000000 00:00 0 
7f5f81000000-7f5f81270000 rwxp 00000000 00:00 0 
7f5f81270000-7f5f90000000 ---p 00000000 00:00 0 
7f5f90000000-7f5f90128000 rw-p 00000000 00:00 0 
7f5f90128000-7f5f94000000 ---p 00000000 00:00 0 
7f5f94000000-7f5f9400f000 r--s 000df000 08:05 1847273                    /root/Android/Sdk/build-tools/23.0.1/lib/dx.jar
7f5f9400f000-7f5f94012000 r--s 0000f000 08:05 4347774                    /usr/lib/jvm/java-8-openjdk-amd64/jre/lib/ext/icedtea-sound.jar
7f5f94012000-7f5f94016000 r--s 00037000 08:05 4347776                    /usr/lib/jvm/java-8-openjdk-amd64/jre/lib/ext/sunpkcs11.jar
7f5f94016000-7f5f94017000 r--s 00008000 08:05 4347770                    /usr/lib/jvm/java-8-openjdk-amd64/jre/lib/ext/sunec.jar
7f5f94017000-7f5f94032000 r--s 001d7000 08:05 4347767                    /usr/lib/jvm/java-8-openjdk-amd64/jre/lib/ext/nashorn.jar
7f5f94032000-7f5f9403c000 r--s 00116000 08:05 4347775                    /usr/lib/jvm/java-8-openjdk-amd64/jre/lib/ext/localedata.jar
7f5f9403c000-7f5f944e5000 rw-p 00000000 00:00 0 
7f5f944e5000-7f5f946b3000 r--s 03beb000 08:05 4347758                    /usr/lib/jvm/java-8-openjdk-amd64/jre/lib/rt.jar
7f5f946b3000-7f5f94929000 rw-p 00000000 00:00 0 
7f5f94929000-7f5f9492a000 ---p 00000000 00:00 0 
7f5f9492a000-7f5f94a2a000 rw-p 00000000 00:00 0 
7f5f94a2a000-7f5f94a2b000 ---p 00000000 00:00 0 
7f5f94a2b000-7f5f94b2b000 rw-p 00000000 00:00 0 
7f5f94b2b000-7f5f94b2c000 ---p 00000000 00:00 0 
7f5f94b2c000-7f5f94c2c000 rw-p 00000000 00:00 0 
7f5f94c2c000-7f5f94c2d000 ---p 00000000 00:00 0 
7f5f94c2d000-7f5f94d57000 rw-p 00000000 00:00 0 
7f5f94d57000-7f5f94e83000 ---p 00000000 00:00 0 
7f5f94e83000-7f5f94ead000 rw-p 00000000 00:00 0 
7f5f94ead000-7f5f94fd8000 ---p 00000000 00:00 0 
7f5f94fd8000-7f5f94fed000 rw-p 00000000 00:00 0 
7f5f94fed000-7f5f95083000 ---p 00000000 00:00 0 
7f5f95083000-7f5f9508e000 rw-p 00000000 00:00 0 
7f5f9508e000-7f5f95444000 ---p 00000000 00:00 0 
7f5f95444000-7f5f9544c000 r-xp 00000000 08:05 4326975                    /usr/lib/jvm/java-8-openjdk-amd64/jre/lib/amd64/libzip.so
7f5f9544c000-7f5f9564b000 ---p 00008000 08:05 4326975                    /usr/lib/jvm/java-8-openjdk-amd64/jre/lib/amd64/libzip.so
7f5f9564b000-7f5f9564c000 r--p 00007000 08:05 4326975                    /usr/lib/jvm/java-8-openjdk-amd64/jre/lib/amd64/libzip.so
7f5f9564c000-7f5f9564d000 rw-p 00008000 08:05 4326975                    /usr/lib/jvm/java-8-openjdk-amd64/jre/lib/amd64/libzip.so
7f5f9564d000-7f5f95658000 r-xp 00000000 08:05 3936907                    /lib/x86_64-linux-gnu/libnss_files-2.23.so
7f5f95658000-7f5f95857000 ---p 0000b000 08:05 3936907                    /lib/x86_64-linux-gnu/libnss_files-2.23.so
7f5f95857000-7f5f95858000 r--p 0000a000 08:05 3936907                    /lib/x86_64-linux-gnu/libnss_files-2.23.so
7f5f95858000-7f5f95859000 rw-p 0000b000 08:05 3936907                    /lib/x86_64-linux-gnu/libnss_files-2.23.so
7f5f95859000-7f5f9585f000 rw-p 00000000 00:00 0 
7f5f9585f000-7f5f9586a000 r-xp 00000000 08:05 3936917                    /lib/x86_64-linux-gnu/libnss_nis-2.23.so
7f5f9586a000-7f5f95a69000 ---p 0000b000 08:05 3936917                    /lib/x86_64-linux-gnu/libnss_nis-2.23.so
7f5f95a69000-7f5f95a6a000 r--p 0000a000 08:05 3936917                    /lib/x86_64-linux-gnu/libnss_nis-2.23.so
7f5f95a6a000-7f5f95a6b000 rw-p 0000b000 08:05 3936917                    /lib/x86_64-linux-gnu/libnss_nis-2.23.so
7f5f95a6b000-7f5f95a81000 r-xp 00000000 08:05 3936901                    /lib/x86_64-linux-gnu/libnsl-2.23.so
7f5f95a81000-7f5f95c80000 ---p 00016000 08:05 3936901                    /lib/x86_64-linux-gnu/libnsl-2.23.so
7f5f95c80000-7f5f95c81000 r--p 00015000 08:05 3936901                    /lib/x86_64-linux-gnu/libnsl-2.23.so
7f5f95c81000-7f5f95c82000 rw-p 00016000 08:05 3936901                    /lib/x86_64-linux-gnu/libnsl-2.23.so
7f5f95c82000-7f5f95c84000 rw-p 00000000 00:00 0 
7f5f95c84000-7f5f95c8c000 r-xp 00000000 08:05 3936903                    /lib/x86_64-linux-gnu/libnss_compat-2.23.so
7f5f95c8c000-7f5f95e8b000 ---p 00008000 08:05 3936903                    /lib/x86_64-linux-gnu/libnss_compat-2.23.so
7f5f95e8b000-7f5f95e8c000 r--p 00007000 08:05 3936903                    /lib/x86_64-linux-gnu/libnss_compat-2.23.so
7f5f95e8c000-7f5f95e8d000 rw-p 00008000 08:05 3936903                    /lib/x86_64-linux-gnu/libnss_compat-2.23.so
7f5f95e8d000-7f5f95eba000 r-xp 00000000 08:05 4326269                    /usr/lib/jvm/java-8-openjdk-amd64/jre/lib/amd64/libjava.so
7f5f95eba000-7f5f960b9000 ---p 0002d000 08:05 4326269                    /usr/lib/jvm/java-8-openjdk-amd64/jre/lib/amd64/libjava.so
7f5f960b9000-7f5f960ba000 r--p 0002c000 08:05 4326269                    /usr/lib/jvm/java-8-openjdk-amd64/jre/lib/amd64/libjava.so
7f5f960ba000-7f5f960bc000 rw-p 0002d000 08:05 4326269                    /usr/lib/jvm/java-8-openjdk-amd64/jre/lib/amd64/libjava.so
7f5f960bc000-7f5f960cb000 r-xp 00000000 08:05 4326313                    /usr/lib/jvm/java-8-openjdk-amd64/jre/lib/amd64/libverify.so
7f5f960cb000-7f5f962ca000 ---p 0000f000 08:05 4326313                    /usr/lib/jvm/java-8-openjdk-amd64/jre/lib/amd64/libverify.so
7f5f962ca000-7f5f962cc000 r--p 0000e000 08:05 4326313                    /usr/lib/jvm/java-8-openjdk-amd64/jre/lib/amd64/libverify.so
7f5f962cc000-7f5f962cd000 rw-p 00010000 08:05 4326313                    /usr/lib/jvm/java-8-openjdk-amd64/jre/lib/amd64/libverify.so
7f5f962cd000-7f5f962d4000 r-xp 00000000 08:05 3936962                    /lib/x86_64-linux-gnu/librt-2.23.so
7f5f962d4000-7f5f964d3000 ---p 00007000 08:05 3936962                    /lib/x86_64-linux-gnu/librt-2.23.so
7f5f964d3000-7f5f964d4000 r--p 00006000 08:05 3936962                    /lib/x86_64-linux-gnu/librt-2.23.so
7f5f964d4000-7f5f964d5000 rw-p 00007000 08:05 3936962                    /lib/x86_64-linux-gnu/librt-2.23.so
7f5f964d5000-7f5f964eb000 r-xp 00000000 08:05 3936846                    /lib/x86_64-linux-gnu/libgcc_s.so.1
7f5f964eb000-7f5f966ea000 ---p 00016000 08:05 3936846                    /lib/x86_64-linux-gnu/libgcc_s.so.1
7f5f966ea000-7f5f966eb000 rw-p 00015000 08:05 3936846                    /lib/x86_64-linux-gnu/libgcc_s.so.1
7f5f966eb000-7f5f967f3000 r-xp 00000000 08:05 3936878                    /lib/x86_64-linux-gnu/libm-2.23.so
7f5f967f3000-7f5f969f2000 ---p 00108000 08:05 3936878                    /lib/x86_64-linux-gnu/libm-2.23.so
7f5f969f2000-7f5f969f3000 r--p 00107000 08:05 3936878                    /lib/x86_64-linux-gnu/libm-2.23.so
7f5f969f3000-7f5f969f4000 rw-p 00108000 08:05 3936878                    /lib/x86_64-linux-gnu/libm-2.23.so
7f5f969f4000-7f5f96b66000 r-xp 00000000 08:05 4325774                    /usr/lib/x86_64-linux-gnu/libstdc++.so.6.0.21
7f5f96b66000-7f5f96d66000 ---p 00172000 08:05 4325774                    /usr/lib/x86_64-linux-gnu/libstdc++.so.6.0.21
7f5f96d66000-7f5f96d70000 r--p 00172000 08:05 4325774                    /usr/lib/x86_64-linux-gnu/libstdc++.so.6.0.21
7f5f96d70000-7f5f96d72000 rw-p 0017c000 08:05 4325774                    /usr/lib/x86_64-linux-gnu/libstdc++.so.6.0.21
7f5f96d72000-7f5f96d76000 rw-p 00000000 00:00 0 
7f5f96d76000-7f5f979bc000 r-xp 00000000 08:05 4326929                    /usr/lib/jvm/java-8-openjdk-amd64/jre/lib/amd64/server/libjvm.so
7f5f979bc000-7f5f97bbc000 ---p 00c46000 08:05 4326929                    /usr/lib/jvm/java-8-openjdk-amd64/jre/lib/amd64/server/libjvm.so
7f5f97bbc000-7f5f97c4f000 r--p 00c46000 08:05 4326929                    /usr/lib/jvm/java-8-openjdk-amd64/jre/lib/amd64/server/libjvm.so
7f5f97c4f000-7f5f97c77000 rw-p 00cd9000 08:05 4326929                    /usr/lib/jvm/java-8-openjdk-amd64/jre/lib/amd64/server/libjvm.so
7f5f97c77000-7f5f97ca7000 rw-p 00000000 00:00 0 
7f5f97ca7000-7f5f97cbf000 r-xp 00000000 08:05 3936954                    /lib/x86_64-linux-gnu/libpthread-2.23.so
7f5f97cbf000-7f5f97ebe000 ---p 00018000 08:05 3936954                    /lib/x86_64-linux-gnu/libpthread-2.23.so
7f5f97ebe000-7f5f97ebf000 r--p 00017000 08:05 3936954                    /lib/x86_64-linux-gnu/libpthread-2.23.so
7f5f97ebf000-7f5f97ec0000 rw-p 00018000 08:05 3936954                    /lib/x86_64-linux-gnu/libpthread-2.23.so
7f5f97ec0000-7f5f97ec4000 rw-p 00000000 00:00 0 
7f5f97ec4000-7f5f97ec7000 r-xp 00000000 08:05 3936832                    /lib/x86_64-linux-gnu/libdl-2.23.so
7f5f97ec7000-7f5f980c6000 ---p 00003000 08:05 3936832                    /lib/x86_64-linux-gnu/libdl-2.23.so
7f5f980c6000-7f5f980c7000 r--p 00002000 08:05 3936832                    /lib/x86_64-linux-gnu/libdl-2.23.so
7f5f980c7000-7f5f980c8000 rw-p 00003000 08:05 3936832                    /lib/x86_64-linux-gnu/libdl-2.23.so
7f5f980c8000-7f5f980e1000 r-xp 00000000 08:05 3936999                    /lib/x86_64-linux-gnu/libz.so.1.2.8
7f5f980e1000-7f5f982e0000 ---p 00019000 08:05 3936999                    /lib/x86_64-linux-gnu/libz.so.1.2.8
7f5f982e0000-7f5f982e1000 r--p 00018000 08:05 3936999                    /lib/x86_64-linux-gnu/libz.so.1.2.8
7f5f982e1000-7f5f982e2000 rw-p 00019000 08:05 3936999                    /lib/x86_64-linux-gnu/libz.so.1.2.8
7f5f982e2000-7f5f984a2000 r-xp 00000000 08:05 3936808                    /lib/x86_64-linux-gnu/libc-2.23.so
7f5f984a2000-7f5f986a1000 ---p 001c0000 08:05 3936808                    /lib/x86_64-linux-gnu/libc-2.23.so
7f5f986a1000-7f5f986a5000 r--p 001bf000 08:05 3936808                    /lib/x86_64-linux-gnu/libc-2.23.so
7f5f986a5000-7f5f986a7000 rw-p 001c3000 08:05 3936808                    /lib/x86_64-linux-gnu/libc-2.23.so
7f5f986a7000-7f5f986ab000 rw-p 00000000 00:00 0 
7f5f986ab000-7f5f986b8000 r-xp 00000000 08:05 4335723                    /usr/lib/jvm/java-8-openjdk-amd64/jre/lib/amd64/jli/libjli.so
7f5f986b8000-7f5f988b8000 ---p 0000d000 08:05 4335723                    /usr/lib/jvm/java-8-openjdk-amd64/jre/lib/amd64/jli/libjli.so
7f5f988b8000-7f5f988b9000 r--p 0000d000 08:05 4335723                    /usr/lib/jvm/java-8-openjdk-amd64/jre/lib/amd64/jli/libjli.so
7f5f988b9000-7f5f988ba000 rw-p 0000e000 08:05 4335723                    /usr/lib/jvm/java-8-openjdk-amd64/jre/lib/amd64/jli/libjli.so
7f5f988ba000-7f5f988e0000 r-xp 00000000 08:05 3936780                    /lib/x86_64-linux-gnu/ld-2.23.so
7f5f988e0000-7f5f988e5000 r--s 0003b000 08:05 4347773                    /usr/lib/jvm/java-8-openjdk-amd64/jre/lib/ext/sunjce_provider.jar
7f5f988e5000-7f5f989b5000 rw-p 00000000 00:00 0 
7f5f989b5000-7f5f989b8000 ---p 00000000 00:00 0 
7f5f989b8000-7f5f98abb000 rw-p 00000000 00:00 0 
7f5f98abb000-7f5f98abc000 r--s 00010000 08:05 4347772                    /usr/lib/jvm/java-8-openjdk-amd64/jre/lib/ext/zipfs.jar
7f5f98abc000-7f5f98abe000 r--s 00001000 08:05 4347768                    /usr/lib/jvm/java-8-openjdk-amd64/jre/lib/ext/dnsns.jar
7f5f98abe000-7f5f98abf000 r--s 0000a000 08:05 4347771                    /usr/lib/jvm/java-8-openjdk-amd64/jre/lib/ext/jaccess.jar
7f5f98abf000-7f5f98ad3000 rw-p 00000000 00:00 0 
7f5f98ad3000-7f5f98adb000 rw-s 00000000 08:05 1979711                    /tmp/hsperfdata_root/11756
7f5f98adb000-7f5f98adc000 rw-p 00000000 00:00 0 
7f5f98adc000-7f5f98add000 r--p 00000000 00:00 0 
7f5f98add000-7f5f98adf000 rw-p 00000000 00:00 0 
7f5f98adf000-7f5f98ae0000 r--p 00025000 08:05 3936780                    /lib/x86_64-linux-gnu/ld-2.23.so
7f5f98ae0000-7f5f98ae1000 rw-p 00026000 08:05 3936780                    /lib/x86_64-linux-gnu/ld-2.23.so
7f5f98ae1000-7f5f98ae2000 rw-p 00000000 00:00 0 
7fff59f3b000-7fff59f5c000 rw-p 00000000 00:00 0                          [stack]
7fff59fa9000-7fff59fab000 r--p 00000000 00:00 0                          [vvar]
7fff59fab000-7fff59fad000 r-xp 00000000 00:00 0                          [vdso]
ffffffffff600000-ffffffffff601000 r-xp 00000000 00:00 0                  [vsyscall]

VM Arguments:
jvm_args: -Djava.awt.headless=true -Xmx1024M -Dfile.encoding=UTF-8 -Duser.country=IN -Duser.language=en -Duser.variant 
java_command: com.android.dx.command.Main --dex --force-jumbo --num-threads=4 --multi-dex --output /root/AndroidStudioProjects/gravitas_android/app/build/intermediates/transforms/dex/debug/folders/1000/5/slice_4 /root/AndroidStudioProjects/gravitas_android/app/build/intermediates/transforms/instantRunSlicer/debug/folders/1/5/slice_4
java_class_path (initial): /root/Android/Sdk/build-tools/23.0.1/lib/dx.jar
Launcher Type: SUN_STANDARD

Environment Variables:
PATH=/usr/local/sbin:/usr/local/bin:/usr/sbin:/usr/bin:/sbin:/bin:/snap/bin
USERNAME=root
LD_LIBRARY_PATH=.:
SHELL=/bin/bash
DISPLAY=:0

Signal Handlers:
SIGSEGV: [libjvm.so+0xa5e970], sa_mask[0]=11111111011111111101111111111110, sa_flags=SA_RESTART|SA_SIGINFO
SIGBUS: [libjvm.so+0xa5e970], sa_mask[0]=11111111011111111101111111111110, sa_flags=SA_RESTART|SA_SIGINFO
SIGFPE: [libjvm.so+0x8a9ff0], sa_mask[0]=11111111011111111101111111111110, sa_flags=SA_RESTART|SA_SIGINFO
SIGPIPE: [libjvm.so+0x8a9ff0], sa_mask[0]=11111111011111111101111111111110, sa_flags=SA_RESTART|SA_SIGINFO
SIGXFSZ: [libjvm.so+0x8a9ff0], sa_mask[0]=11111111011111111101111111111110, sa_flags=SA_RESTART|SA_SIGINFO
SIGILL: [libjvm.so+0x8a9ff0], sa_mask[0]=11111111011111111101111111111110, sa_flags=SA_RESTART|SA_SIGINFO
SIGUSR1: SIG_DFL, sa_mask[0]=00000000000000000000000000000000, sa_flags=none
SIGUSR2: [libjvm.so+0x8a9ea0], sa_mask[0]=00100000000000000000000000000000, sa_flags=SA_RESTART|SA_SIGINFO
SIGHUP: [libjvm.so+0x8aa370], sa_mask[0]=11111111011111111101111111111110, sa_flags=SA_RESTART|SA_SIGINFO
SIGINT: [libjvm.so+0x8aa370], sa_mask[0]=11111111011111111101111111111110, sa_flags=SA_RESTART|SA_SIGINFO
SIGTERM: [libjvm.so+0x8aa370], sa_mask[0]=11111111011111111101111111111110, sa_flags=SA_RESTART|SA_SIGINFO
SIGQUIT: [libjvm.so+0x8aa370], sa_mask[0]=11111111011111111101111111111110, sa_flags=SA_RESTART|SA_SIGINFO


---------------  S Y S T E M  ---------------

OS:DISTRIB_ID=Ubuntu
DISTRIB_RELEASE=16.04
DISTRIB_CODENAME=xenial
DISTRIB_DESCRIPTION="Ubuntu 16.04.1 LTS"

uname:Linux 4.4.0-36-generic #55-Ubuntu SMP Thu Aug 11 18:01:55 UTC 2016 x86_64
libc:glibc 2.23 NPTL 2.23 
rlimit: STACK 8192k, CORE 0k, NPROC 31460, NOFILE 65536, AS infinity
load average:5.39 2.56 1.79

/proc/meminfo:
MemTotal:        8092716 kB
MemFree:         2452172 kB
MemAvailable:    4389304 kB
Buffers:          378072 kB
Cached:          2126208 kB
SwapCached:            0 kB
Active:          4088108 kB
Inactive:        1244604 kB
Active(anon):    2833784 kB
Inactive(anon):   399880 kB
Active(file):    1254324 kB
Inactive(file):   844724 kB
Unevictable:          92 kB
Mlocked:              92 kB
SwapTotal:       8304636 kB
SwapFree:        8304636 kB
Dirty:              2620 kB
Writeback:             0 kB
AnonPages:       2828512 kB
Mapped:           501732 kB
Shmem:            405236 kB
Slab:             168168 kB
SReclaimable:     123140 kB
SUnreclaim:        45028 kB
KernelStack:       12160 kB
PageTables:        47576 kB
NFS_Unstable:          0 kB
Bounce:                0 kB
WritebackTmp:          0 kB
CommitLimit:    12350992 kB
Committed_AS:    8295900 kB
VmallocTotal:   34359738367 kB
VmallocUsed:           0 kB
VmallocChunk:          0 kB
HardwareCorrupted:     0 kB
AnonHugePages:   1546240 kB
CmaTotal:              0 kB
CmaFree:               0 kB
HugePages_Total:       0
HugePages_Free:        0
HugePages_Rsvd:        0
HugePages_Surp:        0
Hugepagesize:       2048 kB
DirectMap4k:      257984 kB
DirectMap2M:     7000064 kB
DirectMap1G:     2097152 kB


CPU:total 4 (2 cores per cpu, 2 threads per core) family 6 model 61 stepping 4, cmov, cx8, fxsr, mmx, sse, sse2, sse3, ssse3, sse4.1, sse4.2, popcnt, avx, avx2, aes, clmul, erms, 3dnowpref, lzcnt, ht, tsc, tscinvbit, bmi1, bmi2, adx

/proc/cpuinfo:
processor	: 0
vendor_id	: GenuineIntel
cpu family	: 6
model		: 61
model name	: Intel(R) Core(TM) i7-5500U CPU @ 2.40GHz
stepping	: 4
microcode	: 0x19
cpu MHz		: 2299.968
cache size	: 4096 KB
physical id	: 0
siblings	: 4
core id		: 0
cpu cores	: 2
apicid		: 0
initial apicid	: 0
fpu		: yes
fpu_exception	: yes
cpuid level	: 20
wp		: yes
flags		: fpu vme de pse tsc msr pae mce cx8 apic sep mtrr pge mca cmov pat pse36 clflush dts acpi mmx fxsr sse sse2 ss ht tm pbe syscall nx pdpe1gb rdtscp lm constant_tsc arch_perfmon pebs bts rep_good nopl xtopology nonstop_tsc aperfmperf eagerfpu pni pclmulqdq dtes64 monitor ds_cpl vmx est tm2 ssse3 sdbg fma cx16 xtpr pdcm pcid sse4_1 sse4_2 x2apic movbe popcnt tsc_deadline_timer aes xsave avx f16c rdrand lahf_lm abm 3dnowprefetch epb intel_pt tpr_shadow vnmi flexpriority ept vpid fsgsbase tsc_adjust bmi1 avx2 smep bmi2 erms invpcid rdseed adx smap xsaveopt dtherm ida arat pln pts
bugs		:
bogomips	: 4788.66
clflush size	: 64
cache_alignment	: 64
address sizes	: 39 bits physical, 48 bits virtual
power management:

processor	: 1
vendor_id	: GenuineIntel
cpu family	: 6
model		: 61
model name	: Intel(R) Core(TM) i7-5500U CPU @ 2.40GHz
stepping	: 4
microcode	: 0x19
cpu MHz		: 2299.968
cache size	: 4096 KB
physical id	: 0
siblings	: 4
core id		: 1
cpu cores	: 2
apicid		: 2
initial apicid	: 2
fpu		: yes
fpu_exception	: yes
cpuid level	: 20
wp		: yes
flags		: fpu vme de pse tsc msr pae mce cx8 apic sep mtrr pge mca cmov pat pse36 clflush dts acpi mmx fxsr sse sse2 ss ht tm pbe syscall nx pdpe1gb rdtscp lm constant_tsc arch_perfmon pebs bts rep_good nopl xtopology nonstop_tsc aperfmperf eagerfpu pni pclmulqdq dtes64 monitor ds_cpl vmx est tm2 ssse3 sdbg fma cx16 xtpr pdcm pcid sse4_1 sse4_2 x2apic movbe popcnt tsc_deadline_timer aes xsave avx f16c rdrand lahf_lm abm 3dnowprefetch epb intel_pt tpr_shadow vnmi flexpriority ept vpid fsgsbase tsc_adjust bmi1 avx2 smep bmi2 erms invpcid rdseed adx smap xsaveopt dtherm ida arat pln pts
bugs		:
bogomips	: 4788.66
clflush size	: 64
cache_alignment	: 64
address sizes	: 39 bits physical, 48 bits virtual
power management:

processor	: 2
vendor_id	: GenuineIntel
cpu family	: 6
model		: 61
model name	: Intel(R) Core(TM) i7-5500U CPU @ 2.40GHz
stepping	: 4
microcode	: 0x19
cpu MHz		: 2299.968
cache size	: 4096 KB
physical id	: 0
siblings	: 4
core id		: 0
cpu cores	: 2
apicid		: 1
initial apicid	: 1
fpu		: yes
fpu_exception	: yes
cpuid level	: 20
wp		: yes
flags		: fpu vme de pse tsc msr pae mce cx8 apic sep mtrr pge mca cmov pat pse36 clflush dts acpi mmx fxsr sse sse2 ss ht tm pbe syscall nx pdpe1gb rdtscp lm constant_tsc arch_perfmon pebs bts rep_good nopl xtopology nonstop_tsc aperfmperf eagerfpu pni pclmulqdq dtes64 monitor ds_cpl vmx est tm2 ssse3 sdbg fma cx16 xtpr pdcm pcid sse4_1 sse4_2 x2apic movbe popcnt tsc_deadline_timer aes xsave avx f16c rdrand lahf_lm abm 3dnowprefetch epb intel_pt tpr_shadow vnmi flexpriority ept vpid fsgsbase tsc_adjust bmi1 avx2 smep bmi2 erms invpcid rdseed adx smap xsaveopt dtherm ida arat pln pts
bugs		:
bogomips	: 4788.66
clflush size	: 64
cache_alignment	: 64
address sizes	: 39 bits physical, 48 bits virtual
power management:

processor	: 3
vendor_id	: GenuineIntel
cpu family	: 6
model		: 61
model name	: Intel(R) Core(TM) i7-5500U CPU @ 2.40GHz
stepping	: 4
microcode	: 0x19
cpu MHz		: 2299.968
cache size	: 4096 KB
physical id	: 0
siblings	: 4
core id		: 1
cpu cores	: 2
apicid		: 3
initial apicid	: 3
fpu		: yes
fpu_exception	: yes
cpuid level	: 20
wp		: yes
flags		: fpu vme de pse tsc msr pae mce cx8 apic sep mtrr pge mca cmov pat pse36 clflush dts acpi mmx fxsr sse sse2 ss ht tm pbe syscall nx pdpe1gb rdtscp lm constant_tsc arch_perfmon pebs bts rep_good nopl xtopology nonstop_tsc aperfmperf eagerfpu pni pclmulqdq dtes64 monitor ds_cpl vmx est tm2 ssse3 sdbg fma cx16 xtpr pdcm pcid sse4_1 sse4_2 x2apic movbe popcnt tsc_deadline_timer aes xsave avx f16c rdrand lahf_lm abm 3dnowprefetch epb intel_pt tpr_shadow vnmi flexpriority ept vpid fsgsbase tsc_adjust bmi1 avx2 smep bmi2 erms invpcid rdseed adx smap xsaveopt dtherm ida arat pln pts
bugs		:
bogomips	: 4788.66
clflush size	: 64
cache_alignment	: 64
address sizes	: 39 bits physical, 48 bits virtual
power management:



Memory: 4k page, physical 8092716k(2452172k free), swap 8304636k(8304636k free)

vm_info: OpenJDK 64-Bit Server VM (25.91-b14) for linux-amd64 JRE (1.8.0_91-8u91-b14-3ubuntu1~16.04.1-b14), built on Jul 21 2016 04:13:34 by "buildd" with gcc 5.3.1 20160413

time: Tue Sep 13 23:30:17 2016
elapsed time: 0 seconds (0d 0h 0m 0s)

